<?xml version="1.0" encoding="UTF-8"?>
<!-- Generated by org.testng.reporters.JUnitXMLReporter -->
<testsuite hostname="DESKTOP-3NQPI56" name="Default test" tests="3" failures="2" timestamp="3 Apr 2020 14:07:44 GMT" time="230.936" errors="0">
  <testcase name="TestStep01_UserSubmitLoginDetails" time="60.146" classname="com.empirix.tests.TC003_VerifyUserAbleToAccessAllTabsInEnglishAndJapanse">
    <failure type="java.lang.AssertionError" message="FAILED: Element &amp;apos;inp_username&amp;apos; not found on the LoginPage !!!">
      <![CDATA[java.lang.AssertionError: FAILED: Element 'inp_username' not found on the LoginPage !!!
	at org.testng.Assert.fail(Assert.java:94)
	at com.empirix.getpageobjects.GetPage.element(GetPage.java:69)
	at com.empirix.getpageobjects.GetPage.element(GetPage.java:45)
	at com.empirix.actions.LoginPageActions.enterSignInDetails(LoginPageActions.java:42)
	at com.empirix.tests.TC003_VerifyUserAbleToAccessAllTabsInEnglishAndJapanse.TestStep01_UserSubmitLoginDetails(TC003_VerifyUserAbleToAccessAllTabsInEnglishAndJapanse.java:23)
	at sun.reflect.NativeMethodAccessorImpl.invoke0(Native Method)
	at sun.reflect.NativeMethodAccessorImpl.invoke(Unknown Source)
	at sun.reflect.DelegatingMethodAccessorImpl.invoke(Unknown Source)
	at java.lang.reflect.Method.invoke(Unknown Source)
	at org.testng.internal.MethodInvocationHelper.invokeMethod(MethodInvocationHelper.java:86)
	at org.testng.internal.Invoker.invokeMethod(Invoker.java:643)
	at org.testng.internal.Invoker.invokeTestMethod(Invoker.java:820)
	at org.testng.internal.Invoker.invokeTestMethods(Invoker.java:1128)
	at org.testng.internal.TestMethodWorker.invokeTestMethods(TestMethodWorker.java:129)
	at org.testng.internal.TestMethodWorker.run(TestMethodWorker.java:112)
	at org.testng.TestRunner.privateRun(TestRunner.java:782)
	at org.testng.TestRunner.run(TestRunner.java:632)
	at org.testng.SuiteRunner.runTest(SuiteRunner.java:366)
	at org.testng.SuiteRunner.runSequentially(SuiteRunner.java:361)
	at org.testng.SuiteRunner.privateRun(SuiteRunner.java:319)
	at org.testng.SuiteRunner.run(SuiteRunner.java:268)
	at org.testng.SuiteRunnerWorker.runSuite(SuiteRunnerWorker.java:52)
	at org.testng.SuiteRunnerWorker.run(SuiteRunnerWorker.java:86)
	at org.testng.TestNG.runSuitesSequentially(TestNG.java:1244)
	at org.testng.TestNG.runSuitesLocally(TestNG.java:1169)
	at org.testng.TestNG.run(TestNG.java:1064)
	at org.testng.remote.AbstractRemoteTestNG.run(AbstractRemoteTestNG.java:132)
	at org.testng.remote.RemoteTestNG.initAndRun(RemoteTestNG.java:236)
	at org.testng.remote.RemoteTestNG.main(RemoteTestNG.java:81)
]]>
    </failure>
  </testcase> <!-- TestStep01_UserSubmitLoginDetails -->
  <testcase name="TestStep02_VerifyUserNavigateToAllTabsEnglish" time="60.07" classname="com.empirix.tests.TC003_VerifyUserAbleToAccessAllTabsInEnglishAndJapanse">
    <failure type="java.lang.AssertionError" message="FAILED: Element &amp;apos;tab_alerts&amp;apos; not found on the LoginPage !!!">
      <![CDATA[java.lang.AssertionError: FAILED: Element 'tab_alerts' not found on the LoginPage !!!
	at org.testng.Assert.fail(Assert.java:94)
	at com.empirix.getpageobjects.GetPage.element(GetPage.java:69)
	at com.empirix.getpageobjects.GetPage.element(GetPage.java:45)
	at com.empirix.actions.LoginPageActions.verifyTabs(LoginPageActions.java:94)
	at com.empirix.tests.TC003_VerifyUserAbleToAccessAllTabsInEnglishAndJapanse.TestStep02_VerifyUserNavigateToAllTabsEnglish(TC003_VerifyUserAbleToAccessAllTabsInEnglishAndJapanse.java:29)
	at sun.reflect.NativeMethodAccessorImpl.invoke0(Native Method)
	at sun.reflect.NativeMethodAccessorImpl.invoke(Unknown Source)
	at sun.reflect.DelegatingMethodAccessorImpl.invoke(Unknown Source)
	at java.lang.reflect.Method.invoke(Unknown Source)
	at org.testng.internal.MethodInvocationHelper.invokeMethod(MethodInvocationHelper.java:86)
	at org.testng.internal.Invoker.invokeMethod(Invoker.java:643)
	at org.testng.internal.Invoker.invokeTestMethod(Invoker.java:820)
	at org.testng.internal.Invoker.invokeTestMethods(Invoker.java:1128)
	at org.testng.internal.TestMethodWorker.invokeTestMethods(TestMethodWorker.java:129)
	at org.testng.internal.TestMethodWorker.run(TestMethodWorker.java:112)
	at org.testng.TestRunner.privateRun(TestRunner.java:782)
	at org.testng.TestRunner.run(TestRunner.java:632)
	at org.testng.SuiteRunner.runTest(SuiteRunner.java:366)
	at org.testng.SuiteRunner.runSequentially(SuiteRunner.java:361)
	at org.testng.SuiteRunner.privateRun(SuiteRunner.java:319)
	at org.testng.SuiteRunner.run(SuiteRunner.java:268)
	at org.testng.SuiteRunnerWorker.runSuite(SuiteRunnerWorker.java:52)
	at org.testng.SuiteRunnerWorker.run(SuiteRunnerWorker.java:86)
	at org.testng.TestNG.runSuitesSequentially(TestNG.java:1244)
	at org.testng.TestNG.runSuitesLocally(TestNG.java:1169)
	at org.testng.TestNG.run(TestNG.java:1064)
	at org.testng.remote.AbstractRemoteTestNG.run(AbstractRemoteTestNG.java:132)
	at org.testng.remote.RemoteTestNG.initAndRun(RemoteTestNG.java:236)
	at org.testng.remote.RemoteTestNG.main(RemoteTestNG.java:81)
]]>
    </failure>
  </testcase> <!-- TestStep02_VerifyUserNavigateToAllTabsEnglish -->
  <testcase name="TestStep03_VerifyUserSuccessfullyChangeLanguageToEnglish" time="0.002" classname="com.empirix.tests.TC003_VerifyUserAbleToAccessAllTabsInEnglishAndJapanse"/>
</testsuite> <!-- Default test -->
