<html>
<head>
<title>TestNG:  Able to access all tabs</title>
<link href="../testng.css" rel="stylesheet" type="text/css" />
<link href="../my-testng.css" rel="stylesheet" type="text/css" />

<style type="text/css">
.log { display: none;} 
.stack-trace { display: none;} 
</style>
<script type="text/javascript">
<!--
function flip(e) {
  current = e.style.display;
  if (current == 'block') {
    e.style.display = 'none';
    return 0;
  }
  else {
    e.style.display = 'block';
    return 1;
  }
}

function toggleBox(szDivId, elem, msg1, msg2)
{
  var res = -1;  if (document.getElementById) {
    res = flip(document.getElementById(szDivId));
  }
  else if (document.all) {
    // this is the way old msie versions work
    res = flip(document.all[szDivId]);
  }
  if(elem) {
    if(res == 0) elem.innerHTML = msg1; else elem.innerHTML = msg2;
  }

}

function toggleAllBoxes() {
  if (document.getElementsByTagName) {
    d = document.getElementsByTagName('div');
    for (i = 0; i < d.length; i++) {
      if (d[i].className == 'log') {
        flip(d[i]);
      }
    }
  }
}

// -->
</script>

</head>
<body>
<h2 align='center'>Able to access all tabs</h2><table border='1' align="center">
<tr>
<td>Tests passed/Failed/Skipped:</td><td>0/3/1</td>
</tr><tr>
<td>Started on:</td><td>Fri Apr 03 19:57:00 IST 2020</td>
</tr>
<tr><td>Total time:</td><td>178 seconds (178273 ms)</td>
</tr><tr>
<td>Included groups:</td><td></td>
</tr><tr>
<td>Excluded groups:</td><td></td>
</tr>
</table><p/>
<small><i>(Hover the method name to see the test class name)</i></small><p/>
<table width='100%' border='1' class='invocation-failed'>
<tr><td colspan='4' align='center'><b>FAILED CONFIGURATIONS</b></td></tr>
<tr><td><b>Test method</b></td>
<td width="30%"><b>Exception</b></td>
<td width="10%"><b>Time (seconds)</b></td>
<td><b>Instance</b></td>
</tr>
<tr>
<td title='com.empirix.tests.TC003_VerifyUserAbleToAccessAllTabsInEnglishAndJapanse.afterMethod()'><b>afterMethod</b><br>Test class: com.empirix.tests.TC003_VerifyUserAbleToAccessAllTabsInEnglishAndJapanse<br>Parameters: [TestResult name=TestStep02_VerifyUserSuccessfullyLogoutfromtheApplication status=FAILURE method=TC003_VerifyUserAbleToAccessAllTabsInEnglishAndJapanse.TestStep02_VerifyUserSuccessfullyLogoutfromtheApplication()[pri:0, instance:com.empirix.tests.TC003_VerifyUserAbleToAccessAllTabsInEnglishAndJapanse@5702b3b1] output={null}], public void com.empirix.tests.TC003_VerifyUserAbleToAccessAllTabsInEnglishAndJapanse.TestStep02_VerifyUserSuccessfullyLogoutfromtheApplication()</td>
<td><div><pre>org.openqa.selenium.WebDriverException: chrome not reachable
  (Session info: chrome=80.0.3987.149)
  (Driver info: chromedriver=2.40.565498 (ea082db3280dd6843ebfb08a625e3eb905c4f5ab),platform=Windows NT 10.0.17134 x86_64) (WARNING: The server did not provide any stacktrace information)
Command duration or timeout: 0 milliseconds
Build info: version: &apos;3.141.0&apos;, revision: &apos;2ecb7d9a&apos;, time: &apos;2018-10-31T20:09:30&apos;
System info: host: &apos;DESKTOP-3NQPI56&apos;, ip: &apos;192.168.1.5&apos;, os.name: &apos;Windows 10&apos;, os.arch: &apos;amd64&apos;, os.version: &apos;10.0&apos;, java.version: &apos;1.8.0_161&apos;
Driver info: org.openqa.selenium.chrome.ChromeDriver
Capabilities {acceptInsecureCerts: false, acceptSslCerts: false, applicationCacheEnabled: false, browserConnectionEnabled: false, browserName: chrome, chrome: {chromedriverVersion: 2.40.565498 (ea082db3280dd6..., userDataDir: C:\Users\NITISH~1\AppData\L...}, cssSelectorsEnabled: true, databaseEnabled: false, handlesAlerts: true, hasTouchScreen: false, javascriptEnabled: true, locationContextEnabled: true, mobileEmulationEnabled: false, nativeEvents: true, networkConnectionEnabled: false, pageLoadStrategy: normal, platform: XP, platformName: XP, rotatable: false, setWindowRect: true, takesHeapSnapshot: true, takesScreenshot: true, unexpectedAlertBehaviour: , unhandledPromptBehavior: , version: 80.0.3987.149, webStorageEnabled: true}
Session ID: 8bfa5cccf9558219b40c556e563e881c
	at org.openqa.selenium.remote.ErrorHandler.createThrowable(ErrorHandler.java:214)
	at org.openqa.selenium.remote.ErrorHandler.throwIfResponseFailed(ErrorHandler.java:166)
	at org.openqa.selenium.remote.http.JsonHttpResponseCodec.reconstructValue(JsonHttpResponseCodec.java:40)
	at org.openqa.selenium.remote.http.AbstractHttpResponseCodec.decode(AbstractHttpResponseCodec.java:80)
	at org.openqa.selenium.remote.http.AbstractHttpResponseCodec.decode(AbstractHttpResponseCodec.java:44)
	at org.openqa.selenium.remote.HttpCommandExecutor.execute(HttpCommandExecutor.java:158)
	at org.openqa.selenium.remote.service.DriverCommandExecutor.execute(DriverCommandExecutor.java:83)
	at org.openqa.selenium.remote.RemoteWebDriver.execute(RemoteWebDriver.java:552)
	at org.openqa.selenium.remote.RemoteWebDriver.execute(RemoteWebDriver.java:609)
	at org.openqa.selenium.remote.RemoteWebDriver.getCurrentUrl(RemoteWebDriver.java:287)
	at com.empirix.utilities.TakeScreenshot.takeScreenShotOnException(TakeScreenshot.java:141)
	at com.empirix.tests.BaseTest.afterMethod(BaseTest.java:44)
... Removed 30 stack frames</pre></div><a href='#' onClick='toggleBox("stack-trace538667887", this, "Click to show all stack frames", "Click to hide stack frames")'>Click to show all stack frames</a>
<div class='stack-trace' id='stack-trace538667887'><pre>org.openqa.selenium.WebDriverException: chrome not reachable
  (Session info: chrome=80.0.3987.149)
  (Driver info: chromedriver=2.40.565498 (ea082db3280dd6843ebfb08a625e3eb905c4f5ab),platform=Windows NT 10.0.17134 x86_64) (WARNING: The server did not provide any stacktrace information)
Command duration or timeout: 0 milliseconds
Build info: version: &apos;3.141.0&apos;, revision: &apos;2ecb7d9a&apos;, time: &apos;2018-10-31T20:09:30&apos;
System info: host: &apos;DESKTOP-3NQPI56&apos;, ip: &apos;192.168.1.5&apos;, os.name: &apos;Windows 10&apos;, os.arch: &apos;amd64&apos;, os.version: &apos;10.0&apos;, java.version: &apos;1.8.0_161&apos;
Driver info: org.openqa.selenium.chrome.ChromeDriver
Capabilities {acceptInsecureCerts: false, acceptSslCerts: false, applicationCacheEnabled: false, browserConnectionEnabled: false, browserName: chrome, chrome: {chromedriverVersion: 2.40.565498 (ea082db3280dd6..., userDataDir: C:\Users\NITISH~1\AppData\L...}, cssSelectorsEnabled: true, databaseEnabled: false, handlesAlerts: true, hasTouchScreen: false, javascriptEnabled: true, locationContextEnabled: true, mobileEmulationEnabled: false, nativeEvents: true, networkConnectionEnabled: false, pageLoadStrategy: normal, platform: XP, platformName: XP, rotatable: false, setWindowRect: true, takesHeapSnapshot: true, takesScreenshot: true, unexpectedAlertBehaviour: , unhandledPromptBehavior: , version: 80.0.3987.149, webStorageEnabled: true}
Session ID: 8bfa5cccf9558219b40c556e563e881c
	at sun.reflect.NativeConstructorAccessorImpl.newInstance0(Native Method)
	at sun.reflect.NativeConstructorAccessorImpl.newInstance(Unknown Source)
	at sun.reflect.DelegatingConstructorAccessorImpl.newInstance(Unknown Source)
	at java.lang.reflect.Constructor.newInstance(Unknown Source)
	at org.openqa.selenium.remote.ErrorHandler.createThrowable(ErrorHandler.java:214)
	at org.openqa.selenium.remote.ErrorHandler.throwIfResponseFailed(ErrorHandler.java:166)
	at org.openqa.selenium.remote.http.JsonHttpResponseCodec.reconstructValue(JsonHttpResponseCodec.java:40)
	at org.openqa.selenium.remote.http.AbstractHttpResponseCodec.decode(AbstractHttpResponseCodec.java:80)
	at org.openqa.selenium.remote.http.AbstractHttpResponseCodec.decode(AbstractHttpResponseCodec.java:44)
	at org.openqa.selenium.remote.HttpCommandExecutor.execute(HttpCommandExecutor.java:158)
	at org.openqa.selenium.remote.service.DriverCommandExecutor.execute(DriverCommandExecutor.java:83)
	at org.openqa.selenium.remote.RemoteWebDriver.execute(RemoteWebDriver.java:552)
	at org.openqa.selenium.remote.RemoteWebDriver.execute(RemoteWebDriver.java:609)
	at org.openqa.selenium.remote.RemoteWebDriver.getCurrentUrl(RemoteWebDriver.java:287)
	at com.empirix.utilities.TakeScreenshot.takeScreenShotOnException(TakeScreenshot.java:141)
	at com.empirix.tests.BaseTest.afterMethod(BaseTest.java:44)
	at sun.reflect.NativeMethodAccessorImpl.invoke0(Native Method)
	at sun.reflect.NativeMethodAccessorImpl.invoke(Unknown Source)
	at sun.reflect.DelegatingMethodAccessorImpl.invoke(Unknown Source)
	at java.lang.reflect.Method.invoke(Unknown Source)
	at org.testng.internal.MethodInvocationHelper.invokeMethod(MethodInvocationHelper.java:86)
	at org.testng.internal.Invoker.invokeConfigurationMethod(Invoker.java:514)
	at org.testng.internal.Invoker.invokeConfigurations(Invoker.java:215)
	at org.testng.internal.Invoker.invokeMethod(Invoker.java:707)
	at org.testng.internal.Invoker.invokeTestMethod(Invoker.java:820)
	at org.testng.internal.Invoker.invokeTestMethods(Invoker.java:1128)
	at org.testng.internal.TestMethodWorker.invokeTestMethods(TestMethodWorker.java:129)
	at org.testng.internal.TestMethodWorker.run(TestMethodWorker.java:112)
	at org.testng.TestRunner.privateRun(TestRunner.java:782)
	at org.testng.TestRunner.run(TestRunner.java:632)
	at org.testng.SuiteRunner.runTest(SuiteRunner.java:366)
	at org.testng.SuiteRunner.runSequentially(SuiteRunner.java:361)
	at org.testng.SuiteRunner.privateRun(SuiteRunner.java:319)
	at org.testng.SuiteRunner.run(SuiteRunner.java:268)
	at org.testng.SuiteRunnerWorker.runSuite(SuiteRunnerWorker.java:52)
	at org.testng.SuiteRunnerWorker.run(SuiteRunnerWorker.java:86)
	at org.testng.TestNG.runSuitesSequentially(TestNG.java:1244)
	at org.testng.TestNG.runSuitesLocally(TestNG.java:1169)
	at org.testng.TestNG.run(TestNG.java:1064)
	at org.testng.remote.AbstractRemoteTestNG.run(AbstractRemoteTestNG.java:132)
	at org.testng.remote.RemoteTestNG.initAndRun(RemoteTestNG.java:236)
	at org.testng.remote.RemoteTestNG.main(RemoteTestNG.java:81)
</pre></div></td>
<td>0</td>
<td>com.empirix.tests.TC003_VerifyUserAbleToAccessAllTabsInEnglishAndJapanse@5702b3b1</td></tr>
</table><p>
<table width='100%' border='1' class='invocation-skipped'>
<tr><td colspan='4' align='center'><b>SKIPPED CONFIGURATIONS</b></td></tr>
<tr><td><b>Test method</b></td>
<td width="30%"><b>Exception</b></td>
<td width="10%"><b>Time (seconds)</b></td>
<td><b>Instance</b></td>
</tr>
<tr>
<td title='com.empirix.tests.TC003_VerifyUserAbleToAccessAllTabsInEnglishAndJapanse.handleTestMethodName()'><b>handleTestMethodName</b><br>Test class: com.empirix.tests.TC003_VerifyUserAbleToAccessAllTabsInEnglishAndJapanse</td>
<td></td>
<td>0</td>
<td>com.empirix.tests.TC003_VerifyUserAbleToAccessAllTabsInEnglishAndJapanse@5702b3b1</td></tr>
<tr>
<td title='com.empirix.tests.TC003_VerifyUserAbleToAccessAllTabsInEnglishAndJapanse.afterMethod()'><b>afterMethod</b><br>Test class: com.empirix.tests.TC003_VerifyUserAbleToAccessAllTabsInEnglishAndJapanse</td>
<td></td>
<td>0</td>
<td>com.empirix.tests.TC003_VerifyUserAbleToAccessAllTabsInEnglishAndJapanse@5702b3b1</td></tr>
</table><p>
<table width='100%' border='1' class='invocation-failed'>
<tr><td colspan='4' align='center'><b>FAILED TESTS</b></td></tr>
<tr><td><b>Test method</b></td>
<td width="30%"><b>Exception</b></td>
<td width="10%"><b>Time (seconds)</b></td>
<td><b>Instance</b></td>
</tr>
<tr>
<td title='com.empirix.tests.TC003_VerifyUserAbleToAccessAllTabsInEnglishAndJapanse.TestStep01_UserSubmitLoginDetails()'><b>TestStep01_UserSubmitLoginDetails</b><br>Test class: com.empirix.tests.TC003_VerifyUserAbleToAccessAllTabsInEnglishAndJapanse</td>
<td><div><pre>java.lang.AssertionError: FAILED: Element &apos;inp_username&apos; not found on the LoginPage !!!
	at com.empirix.getpageobjects.GetPage.element(GetPage.java:69)
	at com.empirix.getpageobjects.GetPage.element(GetPage.java:45)
	at com.empirix.actions.LoginPageActions.enterSignInDetails(LoginPageActions.java:49)
	at com.empirix.tests.TC003_VerifyUserAbleToAccessAllTabsInEnglishAndJapanse.TestStep01_UserSubmitLoginDetails(TC003_VerifyUserAbleToAccessAllTabsInEnglishAndJapanse.java:23)
... Removed 25 stack frames</pre></div><a href='#' onClick='toggleBox("stack-trace1275028674", this, "Click to show all stack frames", "Click to hide stack frames")'>Click to show all stack frames</a>
<div class='stack-trace' id='stack-trace1275028674'><pre>java.lang.AssertionError: FAILED: Element &apos;inp_username&apos; not found on the LoginPage !!!
	at org.testng.Assert.fail(Assert.java:94)
	at com.empirix.getpageobjects.GetPage.element(GetPage.java:69)
	at com.empirix.getpageobjects.GetPage.element(GetPage.java:45)
	at com.empirix.actions.LoginPageActions.enterSignInDetails(LoginPageActions.java:49)
	at com.empirix.tests.TC003_VerifyUserAbleToAccessAllTabsInEnglishAndJapanse.TestStep01_UserSubmitLoginDetails(TC003_VerifyUserAbleToAccessAllTabsInEnglishAndJapanse.java:23)
	at sun.reflect.NativeMethodAccessorImpl.invoke0(Native Method)
	at sun.reflect.NativeMethodAccessorImpl.invoke(Unknown Source)
	at sun.reflect.DelegatingMethodAccessorImpl.invoke(Unknown Source)
	at java.lang.reflect.Method.invoke(Unknown Source)
	at org.testng.internal.MethodInvocationHelper.invokeMethod(MethodInvocationHelper.java:86)
	at org.testng.internal.Invoker.invokeMethod(Invoker.java:643)
	at org.testng.internal.Invoker.invokeTestMethod(Invoker.java:820)
	at org.testng.internal.Invoker.invokeTestMethods(Invoker.java:1128)
	at org.testng.internal.TestMethodWorker.invokeTestMethods(TestMethodWorker.java:129)
	at org.testng.internal.TestMethodWorker.run(TestMethodWorker.java:112)
	at org.testng.TestRunner.privateRun(TestRunner.java:782)
	at org.testng.TestRunner.run(TestRunner.java:632)
	at org.testng.SuiteRunner.runTest(SuiteRunner.java:366)
	at org.testng.SuiteRunner.runSequentially(SuiteRunner.java:361)
	at org.testng.SuiteRunner.privateRun(SuiteRunner.java:319)
	at org.testng.SuiteRunner.run(SuiteRunner.java:268)
	at org.testng.SuiteRunnerWorker.runSuite(SuiteRunnerWorker.java:52)
	at org.testng.SuiteRunnerWorker.run(SuiteRunnerWorker.java:86)
	at org.testng.TestNG.runSuitesSequentially(TestNG.java:1244)
	at org.testng.TestNG.runSuitesLocally(TestNG.java:1169)
	at org.testng.TestNG.run(TestNG.java:1064)
	at org.testng.remote.AbstractRemoteTestNG.run(AbstractRemoteTestNG.java:132)
	at org.testng.remote.RemoteTestNG.initAndRun(RemoteTestNG.java:236)
	at org.testng.remote.RemoteTestNG.main(RemoteTestNG.java:81)
</pre></div></td>
<td>60</td>
<td>com.empirix.tests.TC003_VerifyUserAbleToAccessAllTabsInEnglishAndJapanse@5702b3b1</td></tr>
<tr>
<td title='com.empirix.tests.TC003_VerifyUserAbleToAccessAllTabsInEnglishAndJapanse.TestStep02_VerifyUserNavigateToAllTabsEnglish()'><b>TestStep02_VerifyUserNavigateToAllTabsEnglish</b><br>Test class: com.empirix.tests.TC003_VerifyUserAbleToAccessAllTabsInEnglishAndJapanse</td>
<td><div><pre>java.lang.AssertionError: FAILED: Element &apos;tab_dashboard&apos; not found on the LoginPage !!!
	at com.empirix.getpageobjects.GetPage.element(GetPage.java:69)
	at com.empirix.getpageobjects.GetPage.element(GetPage.java:45)
	at com.empirix.actions.LoginPageActions.verifyTab(LoginPageActions.java:101)
	at com.empirix.tests.TC003_VerifyUserAbleToAccessAllTabsInEnglishAndJapanse.TestStep02_VerifyUserNavigateToAllTabsEnglish(TC003_VerifyUserAbleToAccessAllTabsInEnglishAndJapanse.java:28)
... Removed 25 stack frames</pre></div><a href='#' onClick='toggleBox("stack-trace1172535934", this, "Click to show all stack frames", "Click to hide stack frames")'>Click to show all stack frames</a>
<div class='stack-trace' id='stack-trace1172535934'><pre>java.lang.AssertionError: FAILED: Element &apos;tab_dashboard&apos; not found on the LoginPage !!!
	at org.testng.Assert.fail(Assert.java:94)
	at com.empirix.getpageobjects.GetPage.element(GetPage.java:69)
	at com.empirix.getpageobjects.GetPage.element(GetPage.java:45)
	at com.empirix.actions.LoginPageActions.verifyTab(LoginPageActions.java:101)
	at com.empirix.tests.TC003_VerifyUserAbleToAccessAllTabsInEnglishAndJapanse.TestStep02_VerifyUserNavigateToAllTabsEnglish(TC003_VerifyUserAbleToAccessAllTabsInEnglishAndJapanse.java:28)
	at sun.reflect.NativeMethodAccessorImpl.invoke0(Native Method)
	at sun.reflect.NativeMethodAccessorImpl.invoke(Unknown Source)
	at sun.reflect.DelegatingMethodAccessorImpl.invoke(Unknown Source)
	at java.lang.reflect.Method.invoke(Unknown Source)
	at org.testng.internal.MethodInvocationHelper.invokeMethod(MethodInvocationHelper.java:86)
	at org.testng.internal.Invoker.invokeMethod(Invoker.java:643)
	at org.testng.internal.Invoker.invokeTestMethod(Invoker.java:820)
	at org.testng.internal.Invoker.invokeTestMethods(Invoker.java:1128)
	at org.testng.internal.TestMethodWorker.invokeTestMethods(TestMethodWorker.java:129)
	at org.testng.internal.TestMethodWorker.run(TestMethodWorker.java:112)
	at org.testng.TestRunner.privateRun(TestRunner.java:782)
	at org.testng.TestRunner.run(TestRunner.java:632)
	at org.testng.SuiteRunner.runTest(SuiteRunner.java:366)
	at org.testng.SuiteRunner.runSequentially(SuiteRunner.java:361)
	at org.testng.SuiteRunner.privateRun(SuiteRunner.java:319)
	at org.testng.SuiteRunner.run(SuiteRunner.java:268)
	at org.testng.SuiteRunnerWorker.runSuite(SuiteRunnerWorker.java:52)
	at org.testng.SuiteRunnerWorker.run(SuiteRunnerWorker.java:86)
	at org.testng.TestNG.runSuitesSequentially(TestNG.java:1244)
	at org.testng.TestNG.runSuitesLocally(TestNG.java:1169)
	at org.testng.TestNG.run(TestNG.java:1064)
	at org.testng.remote.AbstractRemoteTestNG.run(AbstractRemoteTestNG.java:132)
	at org.testng.remote.RemoteTestNG.initAndRun(RemoteTestNG.java:236)
	at org.testng.remote.RemoteTestNG.main(RemoteTestNG.java:81)
</pre></div></td>
<td>60</td>
<td>com.empirix.tests.TC003_VerifyUserAbleToAccessAllTabsInEnglishAndJapanse@5702b3b1</td></tr>
<tr>
<td title='com.empirix.tests.TC003_VerifyUserAbleToAccessAllTabsInEnglishAndJapanse.TestStep02_VerifyUserSuccessfullyLogoutfromtheApplication()'><b>TestStep02_VerifyUserSuccessfullyLogoutfromtheApplication</b><br>Test class: com.empirix.tests.TC003_VerifyUserAbleToAccessAllTabsInEnglishAndJapanse</td>
<td><div><pre>java.lang.AssertionError: FAILED: Element &apos;btn_logout&apos; not found on the LoginPage !!!
	at com.empirix.getpageobjects.GetPage.element(GetPage.java:69)
	at com.empirix.getpageobjects.GetPage.element(GetPage.java:45)
	at com.empirix.actions.LoginPageActions.clickOnLogout(LoginPageActions.java:37)
	at com.empirix.tests.TC003_VerifyUserAbleToAccessAllTabsInEnglishAndJapanse.TestStep02_VerifyUserSuccessfullyLogoutfromtheApplication(TC003_VerifyUserAbleToAccessAllTabsInEnglishAndJapanse.java:50)
... Removed 25 stack frames</pre></div><a href='#' onClick='toggleBox("stack-trace1672598778", this, "Click to show all stack frames", "Click to hide stack frames")'>Click to show all stack frames</a>
<div class='stack-trace' id='stack-trace1672598778'><pre>java.lang.AssertionError: FAILED: Element &apos;btn_logout&apos; not found on the LoginPage !!!
	at org.testng.Assert.fail(Assert.java:94)
	at com.empirix.getpageobjects.GetPage.element(GetPage.java:69)
	at com.empirix.getpageobjects.GetPage.element(GetPage.java:45)
	at com.empirix.actions.LoginPageActions.clickOnLogout(LoginPageActions.java:37)
	at com.empirix.tests.TC003_VerifyUserAbleToAccessAllTabsInEnglishAndJapanse.TestStep02_VerifyUserSuccessfullyLogoutfromtheApplication(TC003_VerifyUserAbleToAccessAllTabsInEnglishAndJapanse.java:50)
	at sun.reflect.NativeMethodAccessorImpl.invoke0(Native Method)
	at sun.reflect.NativeMethodAccessorImpl.invoke(Unknown Source)
	at sun.reflect.DelegatingMethodAccessorImpl.invoke(Unknown Source)
	at java.lang.reflect.Method.invoke(Unknown Source)
	at org.testng.internal.MethodInvocationHelper.invokeMethod(MethodInvocationHelper.java:86)
	at org.testng.internal.Invoker.invokeMethod(Invoker.java:643)
	at org.testng.internal.Invoker.invokeTestMethod(Invoker.java:820)
	at org.testng.internal.Invoker.invokeTestMethods(Invoker.java:1128)
	at org.testng.internal.TestMethodWorker.invokeTestMethods(TestMethodWorker.java:129)
	at org.testng.internal.TestMethodWorker.run(TestMethodWorker.java:112)
	at org.testng.TestRunner.privateRun(TestRunner.java:782)
	at org.testng.TestRunner.run(TestRunner.java:632)
	at org.testng.SuiteRunner.runTest(SuiteRunner.java:366)
	at org.testng.SuiteRunner.runSequentially(SuiteRunner.java:361)
	at org.testng.SuiteRunner.privateRun(SuiteRunner.java:319)
	at org.testng.SuiteRunner.run(SuiteRunner.java:268)
	at org.testng.SuiteRunnerWorker.runSuite(SuiteRunnerWorker.java:52)
	at org.testng.SuiteRunnerWorker.run(SuiteRunnerWorker.java:86)
	at org.testng.TestNG.runSuitesSequentially(TestNG.java:1244)
	at org.testng.TestNG.runSuitesLocally(TestNG.java:1169)
	at org.testng.TestNG.run(TestNG.java:1064)
	at org.testng.remote.AbstractRemoteTestNG.run(AbstractRemoteTestNG.java:132)
	at org.testng.remote.RemoteTestNG.initAndRun(RemoteTestNG.java:236)
	at org.testng.remote.RemoteTestNG.main(RemoteTestNG.java:81)
</pre></div></td>
<td>37</td>
<td>com.empirix.tests.TC003_VerifyUserAbleToAccessAllTabsInEnglishAndJapanse@5702b3b1</td></tr>
</table><p>
<table width='100%' border='1' class='invocation-skipped'>
<tr><td colspan='4' align='center'><b>SKIPPED TESTS</b></td></tr>
<tr><td><b>Test method</b></td>
<td width="30%"><b>Exception</b></td>
<td width="10%"><b>Time (seconds)</b></td>
<td><b>Instance</b></td>
</tr>
<tr>
<td title='com.empirix.tests.TC003_VerifyUserAbleToAccessAllTabsInEnglishAndJapanse.TestStep03_VerifyUserNavigateToAllTabsJapanese()'><b>TestStep03_VerifyUserNavigateToAllTabsJapanese</b><br>Test class: com.empirix.tests.TC003_VerifyUserAbleToAccessAllTabsInEnglishAndJapanse</td>
<td></td>
<td>0</td>
<td>com.empirix.tests.TC003_VerifyUserAbleToAccessAllTabsInEnglishAndJapanse@5702b3b1</td></tr>
</table><p>
</body>
</html>