<?xml version="1.0" encoding="UTF-8"?>
<!-- Generated by org.testng.reporters.JUnitXMLReporter -->
<testsuite hostname="DESKTOP-3NQPI56" name="Able to switch language" tests="4" failures="1" timestamp="3 Apr 2020 14:27:00 GMT" time="407.868" errors="0">
  <testcase name="@AfterMethod afterMethod" time="0.0" classname="com.empirix.tests.TC002_VerifyUserAbleToSwitchAppLanguage">
    <failure type="org.openqa.selenium.WebDriverException" message="chrome not reachable
  (Session info: chrome=80.0.3987.149)
  (Driver info: chromedriver=2.40.565498 (ea082db3280dd6843ebfb08a625e3eb905c4f5ab),platform=Windows NT 10.0.17134 x86_64) (WARNING: The server did not provide any stacktrace information)
Command duration or timeout: 0 milliseconds
Build info: version: &amp;apos;3.141.0&amp;apos;, revision: &amp;apos;2ecb7d9a&amp;apos;, time: &amp;apos;2018-10-31T20:09:30&amp;apos;
System info: host: &amp;apos;DESKTOP-3NQPI56&amp;apos;, ip: &amp;apos;192.168.1.5&amp;apos;, os.name: &amp;apos;Windows 10&amp;apos;, os.arch: &amp;apos;amd64&amp;apos;, os.version: &amp;apos;10.0&amp;apos;, java.version: &amp;apos;1.8.0_161&amp;apos;
Driver info: org.openqa.selenium.chrome.ChromeDriver
Capabilities {acceptInsecureCerts: false, acceptSslCerts: false, applicationCacheEnabled: false, browserConnectionEnabled: false, browserName: chrome, chrome: {chromedriverVersion: 2.40.565498 (ea082db3280dd6..., userDataDir: C:\Users\NITISH~1\AppData\L...}, cssSelectorsEnabled: true, databaseEnabled: false, handlesAlerts: true, hasTouchScreen: false, javascriptEnabled: true, locationContextEnabled: true, mobileEmulationEnabled: false, nativeEvents: true, networkConnectionEnabled: false, pageLoadStrategy: normal, platform: XP, platformName: XP, rotatable: false, setWindowRect: true, takesHeapSnapshot: true, takesScreenshot: true, unexpectedAlertBehaviour: , unhandledPromptBehavior: , version: 80.0.3987.149, webStorageEnabled: true}
Session ID: 6cd544a428185c982735b7b848531841">
      <![CDATA[org.openqa.selenium.WebDriverException: chrome not reachable
  (Session info: chrome=80.0.3987.149)
  (Driver info: chromedriver=2.40.565498 (ea082db3280dd6843ebfb08a625e3eb905c4f5ab),platform=Windows NT 10.0.17134 x86_64) (WARNING: The server did not provide any stacktrace information)
Command duration or timeout: 0 milliseconds
Build info: version: '3.141.0', revision: '2ecb7d9a', time: '2018-10-31T20:09:30'
System info: host: 'DESKTOP-3NQPI56', ip: '192.168.1.5', os.name: 'Windows 10', os.arch: 'amd64', os.version: '10.0', java.version: '1.8.0_161'
Driver info: org.openqa.selenium.chrome.ChromeDriver
Capabilities {acceptInsecureCerts: false, acceptSslCerts: false, applicationCacheEnabled: false, browserConnectionEnabled: false, browserName: chrome, chrome: {chromedriverVersion: 2.40.565498 (ea082db3280dd6..., userDataDir: C:\Users\NITISH~1\AppData\L...}, cssSelectorsEnabled: true, databaseEnabled: false, handlesAlerts: true, hasTouchScreen: false, javascriptEnabled: true, locationContextEnabled: true, mobileEmulationEnabled: false, nativeEvents: true, networkConnectionEnabled: false, pageLoadStrategy: normal, platform: XP, platformName: XP, rotatable: false, setWindowRect: true, takesHeapSnapshot: true, takesScreenshot: true, unexpectedAlertBehaviour: , unhandledPromptBehavior: , version: 80.0.3987.149, webStorageEnabled: true}
Session ID: 6cd544a428185c982735b7b848531841
	at org.openqa.selenium.remote.ErrorHandler.createThrowable(ErrorHandler.java:214)
	at org.openqa.selenium.remote.ErrorHandler.throwIfResponseFailed(ErrorHandler.java:166)
	at org.openqa.selenium.remote.http.JsonHttpResponseCodec.reconstructValue(JsonHttpResponseCodec.java:40)
	at org.openqa.selenium.remote.http.AbstractHttpResponseCodec.decode(AbstractHttpResponseCodec.java:80)
	at org.openqa.selenium.remote.http.AbstractHttpResponseCodec.decode(AbstractHttpResponseCodec.java:44)
	at org.openqa.selenium.remote.HttpCommandExecutor.execute(HttpCommandExecutor.java:158)
	at org.openqa.selenium.remote.service.DriverCommandExecutor.execute(DriverCommandExecutor.java:83)
	at org.openqa.selenium.remote.RemoteWebDriver.execute(RemoteWebDriver.java:552)
	at org.openqa.selenium.remote.RemoteWebDriver.execute(RemoteWebDriver.java:609)
	at org.openqa.selenium.remote.RemoteWebDriver.getCurrentUrl(RemoteWebDriver.java:287)
	at com.empirix.utilities.TakeScreenshot.takeScreenShotOnException(TakeScreenshot.java:141)
	at com.empirix.tests.BaseTest.afterMethod(BaseTest.java:44)
... Removed 30 stack frames]]>
    </failure>
  </testcase> <!-- @AfterMethod afterMethod -->
  <testcase name="@BeforeMethod handleTestMethodName" time="0.0" classname="com.empirix.tests.TC002_VerifyUserAbleToSwitchAppLanguage">
    <skipped/>
  </testcase> <!-- @BeforeMethod handleTestMethodName -->
  <testcase name="@AfterMethod afterMethod" time="0.0" classname="com.empirix.tests.TC002_VerifyUserAbleToSwitchAppLanguage">
    <skipped/>
  </testcase> <!-- @AfterMethod afterMethod -->
  <testcase name="@BeforeMethod handleTestMethodName" time="0.0" classname="com.empirix.tests.TC002_VerifyUserAbleToSwitchAppLanguage">
    <skipped/>
  </testcase> <!-- @BeforeMethod handleTestMethodName -->
  <testcase name="@AfterMethod afterMethod" time="0.0" classname="com.empirix.tests.TC002_VerifyUserAbleToSwitchAppLanguage">
    <skipped/>
  </testcase> <!-- @AfterMethod afterMethod -->
  <testcase name="TestStep01_UserSubmitLoginDetails" time="13.13" classname="com.empirix.tests.TC002_VerifyUserAbleToSwitchAppLanguage"/>
  <testcase name="TestStep02_VerifyUserSuccessfullyChangeLanguageToJapanese" time="362.503" classname="com.empirix.tests.TC002_VerifyUserAbleToSwitchAppLanguage">
    <failure type="java.lang.NullPointerException">
      <![CDATA[java.lang.NullPointerException
	at org.openqa.selenium.remote.RemoteWebElement.isDisplayed(RemoteWebElement.java:329)
	at org.openqa.selenium.support.ui.ExpectedConditions.elementIfVisible(ExpectedConditions.java:314)
	at org.openqa.selenium.support.ui.ExpectedConditions.access$000(ExpectedConditions.java:43)
	at org.openqa.selenium.support.ui.ExpectedConditions$10.apply(ExpectedConditions.java:300)
	at org.openqa.selenium.support.ui.ExpectedConditions$10.apply(ExpectedConditions.java:297)
	at org.openqa.selenium.support.ui.FluentWait.until(FluentWait.java:249)
	at com.empirix.utilities.SeleniumWait.waitForElementToBeVisible(SeleniumWait.java:59)
	at com.empirix.getpageobjects.GetPage.element(GetPage.java:67)
	at com.empirix.getpageobjects.GetPage.element(GetPage.java:45)
	at com.empirix.actions.LoginPageActions.verifyLanguageChangeToJapanese(LoginPageActions.java:91)
	at com.empirix.tests.TC002_VerifyUserAbleToSwitchAppLanguage.TestStep02_VerifyUserSuccessfullyChangeLanguageToJapanese(TC002_VerifyUserAbleToSwitchAppLanguage.java:30)
... Removed 24 stack frames]]>
    </failure>
  </testcase> <!-- TestStep02_VerifyUserSuccessfullyChangeLanguageToJapanese -->
  <testcase name="TestStep02_VerifyUserSuccessfullyLogoutfromtheApplication" time="0.002" classname="com.empirix.tests.TC002_VerifyUserAbleToSwitchAppLanguage">
    <skipped/>
  </testcase> <!-- TestStep02_VerifyUserSuccessfullyLogoutfromtheApplication -->
  <testcase name="TestStep03_VerifyUserSuccessfullyChangeLanguageToEnglish" time="0.002" classname="com.empirix.tests.TC002_VerifyUserAbleToSwitchAppLanguage">
    <skipped/>
  </testcase> <!-- TestStep03_VerifyUserSuccessfullyChangeLanguageToEnglish -->
</testsuite> <!-- Able to switch language -->
