<?xml version="1.0" encoding="UTF-8"?>
<!-- Generated by org.testng.reporters.JUnitXMLReporter -->
<testsuite hostname="DESKTOP-3NQPI56" name="Verify client details" tests="3" failures="2" timestamp="3 Apr 2020 14:32:40 GMT" time="160.973" errors="0">
  <testcase name="@AfterMethod afterMethod" time="0.0" classname="com.empirix.tests.TC004_VerifyClientDetails">
    <failure type="org.openqa.selenium.NoSuchWindowException" message="no such window: target window already closed
from unknown error: web view not found
  (Session info: chrome=80.0.3987.149)
  (Driver info: chromedriver=2.40.565498 (ea082db3280dd6843ebfb08a625e3eb905c4f5ab),platform=Windows NT 10.0.17134 x86_64) (WARNING: The server did not provide any stacktrace information)
Command duration or timeout: 0 milliseconds
Build info: version: &amp;apos;3.141.0&amp;apos;, revision: &amp;apos;2ecb7d9a&amp;apos;, time: &amp;apos;2018-10-31T20:09:30&amp;apos;
System info: host: &amp;apos;DESKTOP-3NQPI56&amp;apos;, ip: &amp;apos;192.168.1.5&amp;apos;, os.name: &amp;apos;Windows 10&amp;apos;, os.arch: &amp;apos;amd64&amp;apos;, os.version: &amp;apos;10.0&amp;apos;, java.version: &amp;apos;1.8.0_161&amp;apos;
Driver info: org.openqa.selenium.chrome.ChromeDriver
Capabilities {acceptInsecureCerts: false, acceptSslCerts: false, applicationCacheEnabled: false, browserConnectionEnabled: false, browserName: chrome, chrome: {chromedriverVersion: 2.40.565498 (ea082db3280dd6..., userDataDir: C:\Users\NITISH~1\AppData\L...}, cssSelectorsEnabled: true, databaseEnabled: false, handlesAlerts: true, hasTouchScreen: false, javascriptEnabled: true, locationContextEnabled: true, mobileEmulationEnabled: false, nativeEvents: true, networkConnectionEnabled: false, pageLoadStrategy: normal, platform: XP, platformName: XP, rotatable: false, setWindowRect: true, takesHeapSnapshot: true, takesScreenshot: true, unexpectedAlertBehaviour: , unhandledPromptBehavior: , version: 80.0.3987.149, webStorageEnabled: true}
Session ID: 9f9a17df0be9a2f8806c0bd45d7b1799">
      <![CDATA[org.openqa.selenium.NoSuchWindowException: no such window: target window already closed
from unknown error: web view not found
  (Session info: chrome=80.0.3987.149)
  (Driver info: chromedriver=2.40.565498 (ea082db3280dd6843ebfb08a625e3eb905c4f5ab),platform=Windows NT 10.0.17134 x86_64) (WARNING: The server did not provide any stacktrace information)
Command duration or timeout: 0 milliseconds
Build info: version: '3.141.0', revision: '2ecb7d9a', time: '2018-10-31T20:09:30'
System info: host: 'DESKTOP-3NQPI56', ip: '192.168.1.5', os.name: 'Windows 10', os.arch: 'amd64', os.version: '10.0', java.version: '1.8.0_161'
Driver info: org.openqa.selenium.chrome.ChromeDriver
Capabilities {acceptInsecureCerts: false, acceptSslCerts: false, applicationCacheEnabled: false, browserConnectionEnabled: false, browserName: chrome, chrome: {chromedriverVersion: 2.40.565498 (ea082db3280dd6..., userDataDir: C:\Users\NITISH~1\AppData\L...}, cssSelectorsEnabled: true, databaseEnabled: false, handlesAlerts: true, hasTouchScreen: false, javascriptEnabled: true, locationContextEnabled: true, mobileEmulationEnabled: false, nativeEvents: true, networkConnectionEnabled: false, pageLoadStrategy: normal, platform: XP, platformName: XP, rotatable: false, setWindowRect: true, takesHeapSnapshot: true, takesScreenshot: true, unexpectedAlertBehaviour: , unhandledPromptBehavior: , version: 80.0.3987.149, webStorageEnabled: true}
Session ID: 9f9a17df0be9a2f8806c0bd45d7b1799
	at org.openqa.selenium.remote.ErrorHandler.createThrowable(ErrorHandler.java:214)
	at org.openqa.selenium.remote.ErrorHandler.throwIfResponseFailed(ErrorHandler.java:166)
	at org.openqa.selenium.remote.http.JsonHttpResponseCodec.reconstructValue(JsonHttpResponseCodec.java:40)
	at org.openqa.selenium.remote.http.AbstractHttpResponseCodec.decode(AbstractHttpResponseCodec.java:80)
	at org.openqa.selenium.remote.http.AbstractHttpResponseCodec.decode(AbstractHttpResponseCodec.java:44)
	at org.openqa.selenium.remote.HttpCommandExecutor.execute(HttpCommandExecutor.java:158)
	at org.openqa.selenium.remote.service.DriverCommandExecutor.execute(DriverCommandExecutor.java:83)
	at org.openqa.selenium.remote.RemoteWebDriver.execute(RemoteWebDriver.java:552)
	at org.openqa.selenium.remote.RemoteWebDriver.execute(RemoteWebDriver.java:609)
	at org.openqa.selenium.remote.RemoteWebDriver.getCurrentUrl(RemoteWebDriver.java:287)
	at com.empirix.utilities.TakeScreenshot.takeScreenShotOnException(TakeScreenshot.java:141)
	at com.empirix.tests.BaseTest.afterMethod(BaseTest.java:44)
... Removed 30 stack frames]]>
    </failure>
  </testcase> <!-- @AfterMethod afterMethod -->
  <testcase name="@BeforeMethod handleTestMethodName" time="0.0" classname="com.empirix.tests.TC004_VerifyClientDetails">
    <skipped/>
  </testcase> <!-- @BeforeMethod handleTestMethodName -->
  <testcase name="@AfterMethod afterMethod" time="0.0" classname="com.empirix.tests.TC004_VerifyClientDetails">
    <skipped/>
  </testcase> <!-- @AfterMethod afterMethod -->
  <testcase name="TestStep01_UserSubmitLoginDetails" time="60.054" classname="com.empirix.tests.TC004_VerifyClientDetails">
    <failure type="java.lang.AssertionError" message="FAILED: Element &amp;apos;inp_username&amp;apos; not found on the LoginPage !!!">
      <![CDATA[java.lang.AssertionError: FAILED: Element 'inp_username' not found on the LoginPage !!!
	at com.empirix.getpageobjects.GetPage.element(GetPage.java:69)
	at com.empirix.getpageobjects.GetPage.element(GetPage.java:45)
	at com.empirix.actions.LoginPageActions.enterSignInDetails(LoginPageActions.java:49)
	at com.empirix.tests.TC004_VerifyClientDetails.TestStep01_UserSubmitLoginDetails(TC004_VerifyClientDetails.java:23)
... Removed 25 stack frames]]>
    </failure>
  </testcase> <!-- TestStep01_UserSubmitLoginDetails -->
  <testcase name="TestStep02_VerifyUserSuccessfullyLogoutfromtheApplication" time="56.21" classname="com.empirix.tests.TC004_VerifyClientDetails">
    <failure type="java.lang.AssertionError" message="FAILED: Element &amp;apos;btn_logout&amp;apos; not found on the LoginPage !!!">
      <![CDATA[java.lang.AssertionError: FAILED: Element 'btn_logout' not found on the LoginPage !!!
	at com.empirix.getpageobjects.GetPage.element(GetPage.java:69)
	at com.empirix.getpageobjects.GetPage.element(GetPage.java:45)
	at com.empirix.actions.LoginPageActions.clickOnLogout(LoginPageActions.java:37)
	at com.empirix.tests.TC004_VerifyClientDetails.TestStep02_VerifyUserSuccessfullyLogoutfromtheApplication(TC004_VerifyClientDetails.java:36)
... Removed 25 stack frames]]>
    </failure>
  </testcase> <!-- TestStep02_VerifyUserSuccessfullyLogoutfromtheApplication -->
  <testcase name="TestStep02_VerifyUserSuccessfullyPrintClientDetails" time="0.001" classname="com.empirix.tests.TC004_VerifyClientDetails">
    <skipped/>
  </testcase> <!-- TestStep02_VerifyUserSuccessfullyPrintClientDetails -->
</testsuite> <!-- Verify client details -->
