<!DOCTYPE html PUBLIC "-//W3C//DTD XHTML 1.1//EN" "http://www.w3.org/TR/xhtml11/DTD/xhtml11.dtd">
<html xmlns="http://www.w3.org/1999/xhtml"><head><title>TestNG Report</title><style type="text/css">table {margin-bottom:10px;border-collapse:collapse;empty-cells:show}th,td {border:1px solid #009;padding:.25em .5em}th {vertical-align:bottom}td {vertical-align:top}table a {font-weight:bold}.stripe td {background-color: #E6EBF9}.num {text-align:right}.passedodd td {background-color: #3F3}.passedeven td {background-color: #0A0}.skippedodd td {background-color: #DDD}.skippedeven td {background-color: #CCC}.failedodd td,.attn {background-color: #F33}.failedeven td,.stripe .attn {background-color: #D00}.stacktrace {white-space:pre;font-family:monospace}.totop {font-size:85%;text-align:center;border-bottom:2px solid #000}</style></head><body><table><tr><th>Test</th><th># Passed</th><th># Skipped</th><th># Failed</th><th>Time (ms)</th><th>Included Groups</th><th>Excluded Groups</th></tr><tr><th colspan="7">Test Set</th></tr><tr><td><a href="#t0">Login into application</a></td><td class="num">3</td><td class="num">0</td><td class="num">0</td><td class="num">72,518</td><td></td><td></td></tr><tr class="stripe"><td><a href="#t1">Able to switch language</a></td><td class="num">1</td><td class="num attn">2</td><td class="num attn">1</td><td class="num">407,868</td><td></td><td></td></tr><tr><td><a href="#t2">Able to access all tabs</a></td><td class="num">0</td><td class="num attn">1</td><td class="num attn">3</td><td class="num">178,273</td><td></td><td></td></tr><tr class="stripe"><td><a href="#t3">Verify client details</a></td><td class="num">0</td><td class="num attn">1</td><td class="num attn">2</td><td class="num">160,973</td><td></td><td></td></tr><tr><th>Total</th><th class="num">4</th><th class="num attn">4</th><th class="num attn">6</th><th class="num">819,632</th><th colspan="2"></th></tr></table><table><thead><tr><th>Class</th><th>Method</th><th>Start</th><th>Time (ms)</th></tr></thead><tbody><tr><th colspan="4">Test Set</th></tr></tbody><tbody id="t0"><tr><th colspan="4">Login into application &#8212; passed</th></tr><tr class="passedeven"><td rowspan="3">com.empirix.tests.TC001_LoginIntoApplication</td><td><a href="#m0">TestStep01_UserSubmitLoginDetails</a></td><td rowspan="1">1585923566812</td><td rowspan="1">12791</td></tr><tr class="passedeven"><td><a href="#m1">TestStep02_VerifyUserSuccessfullyLogin</a></td><td rowspan="1">1585923579609</td><td rowspan="1">33065</td></tr><tr class="passedeven"><td><a href="#m2">TestStep02_VerifyUserSuccessfullyLogoutfromtheApplication</a></td><td rowspan="1">1585923612677</td><td rowspan="1">73</td></tr></tbody><tbody id="t1"><tr><th colspan="4">Able to switch language &#8212; failed (configuration methods)</th></tr><tr class="failedeven"><td rowspan="1">com.empirix.tests.TC002_VerifyUserAbleToSwitchAppLanguage</td><td><a href="#m3">afterMethod</a></td><td rowspan="1">1585924014545</td><td rowspan="1">0</td></tr><tr><th colspan="4">Able to switch language &#8212; failed</th></tr><tr class="failedeven"><td rowspan="1">com.empirix.tests.TC002_VerifyUserAbleToSwitchAppLanguage</td><td><a href="#m4">TestStep02_VerifyUserSuccessfullyChangeLanguageToJapanese</a></td><td rowspan="1">1585923652016</td><td rowspan="1">362503</td></tr><tr><th colspan="4">Able to switch language &#8212; skipped (configuration methods)</th></tr><tr class="skippedeven"><td rowspan="4">com.empirix.tests.TC002_VerifyUserAbleToSwitchAppLanguage</td><td><a href="#m5">afterMethod</a></td><td rowspan="2">1585924020633</td><td rowspan="2">0</td></tr><tr class="skippedeven"><td><a href="#m6">afterMethod</a></td></tr><tr class="skippedeven"><td><a href="#m7">handleTestMethodName</a></td><td rowspan="2">1585924020620</td><td rowspan="2">0</td></tr><tr class="skippedeven"><td><a href="#m8">handleTestMethodName</a></td></tr><tr><th colspan="4">Able to switch language &#8212; skipped</th></tr><tr class="skippedeven"><td rowspan="2">com.empirix.tests.TC002_VerifyUserAbleToSwitchAppLanguage</td><td><a href="#m9">TestStep02_VerifyUserSuccessfullyLogoutfromtheApplication</a></td><td rowspan="1">1585924020629</td><td rowspan="1">2</td></tr><tr class="skippedeven"><td><a href="#m10">TestStep03_VerifyUserSuccessfullyChangeLanguageToEnglish</a></td><td rowspan="1">1585924020639</td><td rowspan="1">2</td></tr><tr><th colspan="4">Able to switch language &#8212; passed</th></tr><tr class="passedeven"><td rowspan="1">com.empirix.tests.TC002_VerifyUserAbleToSwitchAppLanguage</td><td><a href="#m11">TestStep01_UserSubmitLoginDetails</a></td><td rowspan="1">1585923638880</td><td rowspan="1">13130</td></tr></tbody><tbody id="t2"><tr><th colspan="4">Able to access all tabs &#8212; failed (configuration methods)</th></tr><tr class="failedeven"><td rowspan="1">com.empirix.tests.TC003_VerifyUserAbleToAccessAllTabsInEnglishAndJapanse</td><td><a href="#m12">afterMethod</a></td><td rowspan="1">1585924192960</td><td rowspan="1">0</td></tr><tr><th colspan="4">Able to access all tabs &#8212; failed</th></tr><tr class="failedeven"><td rowspan="3">com.empirix.tests.TC003_VerifyUserAbleToAccessAllTabsInEnglishAndJapanse</td><td><a href="#m13">TestStep01_UserSubmitLoginDetails</a></td><td rowspan="1">1585924031894</td><td rowspan="1">60072</td></tr><tr class="failedeven"><td><a href="#m14">TestStep02_VerifyUserNavigateToAllTabsEnglish</a></td><td rowspan="1">1585924093839</td><td rowspan="1">60023</td></tr><tr class="failedeven"><td><a href="#m15">TestStep02_VerifyUserSuccessfullyLogoutfromtheApplication</a></td><td rowspan="1">1585924155151</td><td rowspan="1">37806</td></tr><tr><th colspan="4">Able to access all tabs &#8212; skipped (configuration methods)</th></tr><tr class="skippedeven"><td rowspan="2">com.empirix.tests.TC003_VerifyUserAbleToAccessAllTabsInEnglishAndJapanse</td><td><a href="#m16">afterMethod</a></td><td rowspan="1">1585924198992</td><td rowspan="1">0</td></tr><tr class="skippedeven"><td><a href="#m17">handleTestMethodName</a></td><td rowspan="1">1585924198983</td><td rowspan="1">0</td></tr><tr><th colspan="4">Able to access all tabs &#8212; skipped</th></tr><tr class="skippedeven"><td rowspan="1">com.empirix.tests.TC003_VerifyUserAbleToAccessAllTabsInEnglishAndJapanse</td><td><a href="#m18">TestStep03_VerifyUserNavigateToAllTabsJapanese</a></td><td rowspan="1">1585924198986</td><td rowspan="1">1</td></tr></tbody><tbody id="t3"><tr><th colspan="4">Verify client details &#8212; failed (configuration methods)</th></tr><tr class="failedeven"><td rowspan="1">com.empirix.tests.TC004_VerifyClientDetails</td><td><a href="#m19">afterMethod</a></td><td rowspan="1">1585924359991</td><td rowspan="1">0</td></tr><tr><th colspan="4">Verify client details &#8212; failed</th></tr><tr class="failedeven"><td rowspan="2">com.empirix.tests.TC004_VerifyClientDetails</td><td><a href="#m20">TestStep01_UserSubmitLoginDetails</a></td><td rowspan="1">1585924242201</td><td rowspan="1">60054</td></tr><tr class="failedeven"><td><a href="#m21">TestStep02_VerifyUserSuccessfullyLogoutfromtheApplication</a></td><td rowspan="1">1585924303780</td><td rowspan="1">56210</td></tr><tr><th colspan="4">Verify client details &#8212; skipped (configuration methods)</th></tr><tr class="skippedeven"><td rowspan="2">com.empirix.tests.TC004_VerifyClientDetails</td><td><a href="#m22">afterMethod</a></td><td rowspan="1">1585924360005</td><td rowspan="1">0</td></tr><tr class="skippedeven"><td><a href="#m23">handleTestMethodName</a></td><td rowspan="1">1585924360002</td><td rowspan="1">0</td></tr><tr><th colspan="4">Verify client details &#8212; skipped</th></tr><tr class="skippedeven"><td rowspan="1">com.empirix.tests.TC004_VerifyClientDetails</td><td><a href="#m24">TestStep02_VerifyUserSuccessfullyPrintClientDetails</a></td><td rowspan="1">1585924360003</td><td rowspan="1">1</td></tr></tbody></table><h2>Login into application</h2><h3 id="m0">com.empirix.tests.TC001_LoginIntoApplication#TestStep01_UserSubmitLoginDetails</h3><table class="result"><tr><th>Messages</th></tr><tr><td><div class="messages">[Action]:User enters username QA_traininguser15<br/>[Action]:User enters password Empirix!<br/>Element btn_submit is displayed.<br/>User clicks on submit button</div></td></tr></table><p class="totop"><a href="#summary">back to summary</a></p><h3 id="m1">com.empirix.tests.TC001_LoginIntoApplication#TestStep02_VerifyUserSuccessfullyLogin</h3><table class="result"><tr><th>Messages</th></tr><tr><td><div class="messages">User clicks on Menu button<br/>Element btn_logout is displayed.<br/>Logout button is present for the user<br/>User is successfully login into the application</div></td></tr></table><p class="totop"><a href="#summary">back to summary</a></p><h3 id="m2">com.empirix.tests.TC001_LoginIntoApplication#TestStep02_VerifyUserSuccessfullyLogoutfromtheApplication</h3><table class="result"><tr><th>Messages</th></tr><tr><td><div class="messages">User gets logout from the application<br/>User is successfully logout from the application</div></td></tr></table><p class="totop"><a href="#summary">back to summary</a></p><h2>Able to switch language</h2><h3 id="m3">com.empirix.tests.TC002_VerifyUserAbleToSwitchAppLanguage#afterMethod</h3><table class="result"><tr class="param"><th>Parameter #1</th><th>Parameter #2</th></tr><tr class="param stripe"><td>[TestResult name=TestStep02_VerifyUserSuccessfullyChangeLanguageToJapanese status=FAILURE method=TC002_VerifyUserAbleToSwitchAppLanguage.TestStep02_VerifyUserSuccessfullyChangeLanguageToJapanese()[pri:0, instance:com.empirix.tests.TC002_VerifyUserAbleToSwitchAppLanguage@59494225] output=User clicks on Menu button]</td><td>public void com.empirix.tests.TC002_VerifyUserAbleToSwitchAppLanguage.TestStep02_VerifyUserSuccessfullyChangeLanguageToJapanese()</td></tr><tr><th colspan="2">Exception</th></tr><tr><td colspan="2"><div class="stacktrace">org.openqa.selenium.WebDriverException: chrome not reachable
  (Session info: chrome=80.0.3987.149)
  (Driver info: chromedriver=2.40.565498 (ea082db3280dd6843ebfb08a625e3eb905c4f5ab),platform=Windows NT 10.0.17134 x86_64) (WARNING: The server did not provide any stacktrace information)
Command duration or timeout: 0 milliseconds
Build info: version: &apos;3.141.0&apos;, revision: &apos;2ecb7d9a&apos;, time: &apos;2018-10-31T20:09:30&apos;
System info: host: &apos;DESKTOP-3NQPI56&apos;, ip: &apos;192.168.1.5&apos;, os.name: &apos;Windows 10&apos;, os.arch: &apos;amd64&apos;, os.version: &apos;10.0&apos;, java.version: &apos;1.8.0_161&apos;
Driver info: org.openqa.selenium.chrome.ChromeDriver
Capabilities {acceptInsecureCerts: false, acceptSslCerts: false, applicationCacheEnabled: false, browserConnectionEnabled: false, browserName: chrome, chrome: {chromedriverVersion: 2.40.565498 (ea082db3280dd6..., userDataDir: C:\Users\NITISH~1\AppData\L...}, cssSelectorsEnabled: true, databaseEnabled: false, handlesAlerts: true, hasTouchScreen: false, javascriptEnabled: true, locationContextEnabled: true, mobileEmulationEnabled: false, nativeEvents: true, networkConnectionEnabled: false, pageLoadStrategy: normal, platform: XP, platformName: XP, rotatable: false, setWindowRect: true, takesHeapSnapshot: true, takesScreenshot: true, unexpectedAlertBehaviour: , unhandledPromptBehavior: , version: 80.0.3987.149, webStorageEnabled: true}
Session ID: 6cd544a428185c982735b7b848531841
	at org.openqa.selenium.remote.ErrorHandler.createThrowable(ErrorHandler.java:214)
	at org.openqa.selenium.remote.ErrorHandler.throwIfResponseFailed(ErrorHandler.java:166)
	at org.openqa.selenium.remote.http.JsonHttpResponseCodec.reconstructValue(JsonHttpResponseCodec.java:40)
	at org.openqa.selenium.remote.http.AbstractHttpResponseCodec.decode(AbstractHttpResponseCodec.java:80)
	at org.openqa.selenium.remote.http.AbstractHttpResponseCodec.decode(AbstractHttpResponseCodec.java:44)
	at org.openqa.selenium.remote.HttpCommandExecutor.execute(HttpCommandExecutor.java:158)
	at org.openqa.selenium.remote.service.DriverCommandExecutor.execute(DriverCommandExecutor.java:83)
	at org.openqa.selenium.remote.RemoteWebDriver.execute(RemoteWebDriver.java:552)
	at org.openqa.selenium.remote.RemoteWebDriver.execute(RemoteWebDriver.java:609)
	at org.openqa.selenium.remote.RemoteWebDriver.getCurrentUrl(RemoteWebDriver.java:287)
	at com.empirix.utilities.TakeScreenshot.takeScreenShotOnException(TakeScreenshot.java:141)
	at com.empirix.tests.BaseTest.afterMethod(BaseTest.java:44)
... Removed 30 stack frames</div></td></tr></table><p class="totop"><a href="#summary">back to summary</a></p><h3 id="m4">com.empirix.tests.TC002_VerifyUserAbleToSwitchAppLanguage#TestStep02_VerifyUserSuccessfullyChangeLanguageToJapanese</h3><table class="result"><tr><th>Messages</th></tr><tr><td><div class="messages">User clicks on Menu button<br/>[Action]:User selects the language japanese<br/>Alert handled...</div></td></tr><tr><th>Exception</th></tr><tr><td><div class="stacktrace">java.lang.NullPointerException
	at org.openqa.selenium.remote.RemoteWebElement.isDisplayed(RemoteWebElement.java:329)
	at org.openqa.selenium.support.ui.ExpectedConditions.elementIfVisible(ExpectedConditions.java:314)
	at org.openqa.selenium.support.ui.ExpectedConditions.access$000(ExpectedConditions.java:43)
	at org.openqa.selenium.support.ui.ExpectedConditions$10.apply(ExpectedConditions.java:300)
	at org.openqa.selenium.support.ui.ExpectedConditions$10.apply(ExpectedConditions.java:297)
	at org.openqa.selenium.support.ui.FluentWait.until(FluentWait.java:249)
	at com.empirix.utilities.SeleniumWait.waitForElementToBeVisible(SeleniumWait.java:59)
	at com.empirix.getpageobjects.GetPage.element(GetPage.java:67)
	at com.empirix.getpageobjects.GetPage.element(GetPage.java:45)
	at com.empirix.actions.LoginPageActions.verifyLanguageChangeToJapanese(LoginPageActions.java:91)
	at com.empirix.tests.TC002_VerifyUserAbleToSwitchAppLanguage.TestStep02_VerifyUserSuccessfullyChangeLanguageToJapanese(TC002_VerifyUserAbleToSwitchAppLanguage.java:30)
... Removed 24 stack frames</div></td></tr></table><p class="totop"><a href="#summary">back to summary</a></p><h3 id="m5">com.empirix.tests.TC002_VerifyUserAbleToSwitchAppLanguage#afterMethod</h3><table class="result"></table><p class="totop"><a href="#summary">back to summary</a></p><h3 id="m6">com.empirix.tests.TC002_VerifyUserAbleToSwitchAppLanguage#afterMethod</h3><table class="result"></table><p class="totop"><a href="#summary">back to summary</a></p><h3 id="m7">com.empirix.tests.TC002_VerifyUserAbleToSwitchAppLanguage#handleTestMethodName</h3><table class="result"></table><p class="totop"><a href="#summary">back to summary</a></p><h3 id="m8">com.empirix.tests.TC002_VerifyUserAbleToSwitchAppLanguage#handleTestMethodName</h3><table class="result"></table><p class="totop"><a href="#summary">back to summary</a></p><h3 id="m9">com.empirix.tests.TC002_VerifyUserAbleToSwitchAppLanguage#TestStep02_VerifyUserSuccessfullyLogoutfromtheApplication</h3><table class="result"></table><p class="totop"><a href="#summary">back to summary</a></p><h3 id="m10">com.empirix.tests.TC002_VerifyUserAbleToSwitchAppLanguage#TestStep03_VerifyUserSuccessfullyChangeLanguageToEnglish</h3><table class="result"></table><p class="totop"><a href="#summary">back to summary</a></p><h3 id="m11">com.empirix.tests.TC002_VerifyUserAbleToSwitchAppLanguage#TestStep01_UserSubmitLoginDetails</h3><table class="result"><tr><th>Messages</th></tr><tr><td><div class="messages">[Action]:User enters username QA_traininguser15<br/>[Action]:User enters password Empirix!<br/>Element btn_submit is displayed.<br/>User clicks on submit button</div></td></tr></table><p class="totop"><a href="#summary">back to summary</a></p><h2>Able to access all tabs</h2><h3 id="m12">com.empirix.tests.TC003_VerifyUserAbleToAccessAllTabsInEnglishAndJapanse#afterMethod</h3><table class="result"><tr class="param"><th>Parameter #1</th><th>Parameter #2</th></tr><tr class="param stripe"><td>[TestResult name=TestStep02_VerifyUserSuccessfullyLogoutfromtheApplication status=FAILURE method=TC003_VerifyUserAbleToAccessAllTabsInEnglishAndJapanse.TestStep02_VerifyUserSuccessfullyLogoutfromtheApplication()[pri:0, instance:com.empirix.tests.TC003_VerifyUserAbleToAccessAllTabsInEnglishAndJapanse@5702b3b1] output={null}]</td><td>public void com.empirix.tests.TC003_VerifyUserAbleToAccessAllTabsInEnglishAndJapanse.TestStep02_VerifyUserSuccessfullyLogoutfromtheApplication()</td></tr><tr><th colspan="2">Exception</th></tr><tr><td colspan="2"><div class="stacktrace">org.openqa.selenium.WebDriverException: chrome not reachable
  (Session info: chrome=80.0.3987.149)
  (Driver info: chromedriver=2.40.565498 (ea082db3280dd6843ebfb08a625e3eb905c4f5ab),platform=Windows NT 10.0.17134 x86_64) (WARNING: The server did not provide any stacktrace information)
Command duration or timeout: 0 milliseconds
Build info: version: &apos;3.141.0&apos;, revision: &apos;2ecb7d9a&apos;, time: &apos;2018-10-31T20:09:30&apos;
System info: host: &apos;DESKTOP-3NQPI56&apos;, ip: &apos;192.168.1.5&apos;, os.name: &apos;Windows 10&apos;, os.arch: &apos;amd64&apos;, os.version: &apos;10.0&apos;, java.version: &apos;1.8.0_161&apos;
Driver info: org.openqa.selenium.chrome.ChromeDriver
Capabilities {acceptInsecureCerts: false, acceptSslCerts: false, applicationCacheEnabled: false, browserConnectionEnabled: false, browserName: chrome, chrome: {chromedriverVersion: 2.40.565498 (ea082db3280dd6..., userDataDir: C:\Users\NITISH~1\AppData\L...}, cssSelectorsEnabled: true, databaseEnabled: false, handlesAlerts: true, hasTouchScreen: false, javascriptEnabled: true, locationContextEnabled: true, mobileEmulationEnabled: false, nativeEvents: true, networkConnectionEnabled: false, pageLoadStrategy: normal, platform: XP, platformName: XP, rotatable: false, setWindowRect: true, takesHeapSnapshot: true, takesScreenshot: true, unexpectedAlertBehaviour: , unhandledPromptBehavior: , version: 80.0.3987.149, webStorageEnabled: true}
Session ID: 8bfa5cccf9558219b40c556e563e881c
	at org.openqa.selenium.remote.ErrorHandler.createThrowable(ErrorHandler.java:214)
	at org.openqa.selenium.remote.ErrorHandler.throwIfResponseFailed(ErrorHandler.java:166)
	at org.openqa.selenium.remote.http.JsonHttpResponseCodec.reconstructValue(JsonHttpResponseCodec.java:40)
	at org.openqa.selenium.remote.http.AbstractHttpResponseCodec.decode(AbstractHttpResponseCodec.java:80)
	at org.openqa.selenium.remote.http.AbstractHttpResponseCodec.decode(AbstractHttpResponseCodec.java:44)
	at org.openqa.selenium.remote.HttpCommandExecutor.execute(HttpCommandExecutor.java:158)
	at org.openqa.selenium.remote.service.DriverCommandExecutor.execute(DriverCommandExecutor.java:83)
	at org.openqa.selenium.remote.RemoteWebDriver.execute(RemoteWebDriver.java:552)
	at org.openqa.selenium.remote.RemoteWebDriver.execute(RemoteWebDriver.java:609)
	at org.openqa.selenium.remote.RemoteWebDriver.getCurrentUrl(RemoteWebDriver.java:287)
	at com.empirix.utilities.TakeScreenshot.takeScreenShotOnException(TakeScreenshot.java:141)
	at com.empirix.tests.BaseTest.afterMethod(BaseTest.java:44)
... Removed 30 stack frames</div></td></tr></table><p class="totop"><a href="#summary">back to summary</a></p><h3 id="m13">com.empirix.tests.TC003_VerifyUserAbleToAccessAllTabsInEnglishAndJapanse#TestStep01_UserSubmitLoginDetails</h3><table class="result"><tr><th>Exception</th></tr><tr><td><div class="stacktrace">java.lang.AssertionError: FAILED: Element &apos;inp_username&apos; not found on the LoginPage !!!
	at com.empirix.getpageobjects.GetPage.element(GetPage.java:69)
	at com.empirix.getpageobjects.GetPage.element(GetPage.java:45)
	at com.empirix.actions.LoginPageActions.enterSignInDetails(LoginPageActions.java:49)
	at com.empirix.tests.TC003_VerifyUserAbleToAccessAllTabsInEnglishAndJapanse.TestStep01_UserSubmitLoginDetails(TC003_VerifyUserAbleToAccessAllTabsInEnglishAndJapanse.java:23)
... Removed 25 stack frames</div></td></tr></table><p class="totop"><a href="#summary">back to summary</a></p><h3 id="m14">com.empirix.tests.TC003_VerifyUserAbleToAccessAllTabsInEnglishAndJapanse#TestStep02_VerifyUserNavigateToAllTabsEnglish</h3><table class="result"><tr><th>Exception</th></tr><tr><td><div class="stacktrace">java.lang.AssertionError: FAILED: Element &apos;tab_dashboard&apos; not found on the LoginPage !!!
	at com.empirix.getpageobjects.GetPage.element(GetPage.java:69)
	at com.empirix.getpageobjects.GetPage.element(GetPage.java:45)
	at com.empirix.actions.LoginPageActions.verifyTab(LoginPageActions.java:101)
	at com.empirix.tests.TC003_VerifyUserAbleToAccessAllTabsInEnglishAndJapanse.TestStep02_VerifyUserNavigateToAllTabsEnglish(TC003_VerifyUserAbleToAccessAllTabsInEnglishAndJapanse.java:28)
... Removed 25 stack frames</div></td></tr></table><p class="totop"><a href="#summary">back to summary</a></p><h3 id="m15">com.empirix.tests.TC003_VerifyUserAbleToAccessAllTabsInEnglishAndJapanse#TestStep02_VerifyUserSuccessfullyLogoutfromtheApplication</h3><table class="result"><tr><th>Exception</th></tr><tr><td><div class="stacktrace">java.lang.AssertionError: FAILED: Element &apos;btn_logout&apos; not found on the LoginPage !!!
	at com.empirix.getpageobjects.GetPage.element(GetPage.java:69)
	at com.empirix.getpageobjects.GetPage.element(GetPage.java:45)
	at com.empirix.actions.LoginPageActions.clickOnLogout(LoginPageActions.java:37)
	at com.empirix.tests.TC003_VerifyUserAbleToAccessAllTabsInEnglishAndJapanse.TestStep02_VerifyUserSuccessfullyLogoutfromtheApplication(TC003_VerifyUserAbleToAccessAllTabsInEnglishAndJapanse.java:50)
... Removed 25 stack frames</div></td></tr></table><p class="totop"><a href="#summary">back to summary</a></p><h3 id="m16">com.empirix.tests.TC003_VerifyUserAbleToAccessAllTabsInEnglishAndJapanse#afterMethod</h3><table class="result"></table><p class="totop"><a href="#summary">back to summary</a></p><h3 id="m17">com.empirix.tests.TC003_VerifyUserAbleToAccessAllTabsInEnglishAndJapanse#handleTestMethodName</h3><table class="result"></table><p class="totop"><a href="#summary">back to summary</a></p><h3 id="m18">com.empirix.tests.TC003_VerifyUserAbleToAccessAllTabsInEnglishAndJapanse#TestStep03_VerifyUserNavigateToAllTabsJapanese</h3><table class="result"></table><p class="totop"><a href="#summary">back to summary</a></p><h2>Verify client details</h2><h3 id="m19">com.empirix.tests.TC004_VerifyClientDetails#afterMethod</h3><table class="result"><tr class="param"><th>Parameter #1</th><th>Parameter #2</th></tr><tr class="param stripe"><td>[TestResult name=TestStep02_VerifyUserSuccessfullyLogoutfromtheApplication status=FAILURE method=TC004_VerifyClientDetails.TestStep02_VerifyUserSuccessfullyLogoutfromtheApplication()[pri:0, instance:com.empirix.tests.TC004_VerifyClientDetails@6adede5] output={null}]</td><td>public void com.empirix.tests.TC004_VerifyClientDetails.TestStep02_VerifyUserSuccessfullyLogoutfromtheApplication()</td></tr><tr><th colspan="2">Exception</th></tr><tr><td colspan="2"><div class="stacktrace">org.openqa.selenium.NoSuchWindowException: no such window: target window already closed
from unknown error: web view not found
  (Session info: chrome=80.0.3987.149)
  (Driver info: chromedriver=2.40.565498 (ea082db3280dd6843ebfb08a625e3eb905c4f5ab),platform=Windows NT 10.0.17134 x86_64) (WARNING: The server did not provide any stacktrace information)
Command duration or timeout: 0 milliseconds
Build info: version: &apos;3.141.0&apos;, revision: &apos;2ecb7d9a&apos;, time: &apos;2018-10-31T20:09:30&apos;
System info: host: &apos;DESKTOP-3NQPI56&apos;, ip: &apos;192.168.1.5&apos;, os.name: &apos;Windows 10&apos;, os.arch: &apos;amd64&apos;, os.version: &apos;10.0&apos;, java.version: &apos;1.8.0_161&apos;
Driver info: org.openqa.selenium.chrome.ChromeDriver
Capabilities {acceptInsecureCerts: false, acceptSslCerts: false, applicationCacheEnabled: false, browserConnectionEnabled: false, browserName: chrome, chrome: {chromedriverVersion: 2.40.565498 (ea082db3280dd6..., userDataDir: C:\Users\NITISH~1\AppData\L...}, cssSelectorsEnabled: true, databaseEnabled: false, handlesAlerts: true, hasTouchScreen: false, javascriptEnabled: true, locationContextEnabled: true, mobileEmulationEnabled: false, nativeEvents: true, networkConnectionEnabled: false, pageLoadStrategy: normal, platform: XP, platformName: XP, rotatable: false, setWindowRect: true, takesHeapSnapshot: true, takesScreenshot: true, unexpectedAlertBehaviour: , unhandledPromptBehavior: , version: 80.0.3987.149, webStorageEnabled: true}
Session ID: 9f9a17df0be9a2f8806c0bd45d7b1799
	at org.openqa.selenium.remote.ErrorHandler.createThrowable(ErrorHandler.java:214)
	at org.openqa.selenium.remote.ErrorHandler.throwIfResponseFailed(ErrorHandler.java:166)
	at org.openqa.selenium.remote.http.JsonHttpResponseCodec.reconstructValue(JsonHttpResponseCodec.java:40)
	at org.openqa.selenium.remote.http.AbstractHttpResponseCodec.decode(AbstractHttpResponseCodec.java:80)
	at org.openqa.selenium.remote.http.AbstractHttpResponseCodec.decode(AbstractHttpResponseCodec.java:44)
	at org.openqa.selenium.remote.HttpCommandExecutor.execute(HttpCommandExecutor.java:158)
	at org.openqa.selenium.remote.service.DriverCommandExecutor.execute(DriverCommandExecutor.java:83)
	at org.openqa.selenium.remote.RemoteWebDriver.execute(RemoteWebDriver.java:552)
	at org.openqa.selenium.remote.RemoteWebDriver.execute(RemoteWebDriver.java:609)
	at org.openqa.selenium.remote.RemoteWebDriver.getCurrentUrl(RemoteWebDriver.java:287)
	at com.empirix.utilities.TakeScreenshot.takeScreenShotOnException(TakeScreenshot.java:141)
	at com.empirix.tests.BaseTest.afterMethod(BaseTest.java:44)
... Removed 30 stack frames</div></td></tr></table><p class="totop"><a href="#summary">back to summary</a></p><h3 id="m20">com.empirix.tests.TC004_VerifyClientDetails#TestStep01_UserSubmitLoginDetails</h3><table class="result"><tr><th>Exception</th></tr><tr><td><div class="stacktrace">java.lang.AssertionError: FAILED: Element &apos;inp_username&apos; not found on the LoginPage !!!
	at com.empirix.getpageobjects.GetPage.element(GetPage.java:69)
	at com.empirix.getpageobjects.GetPage.element(GetPage.java:45)
	at com.empirix.actions.LoginPageActions.enterSignInDetails(LoginPageActions.java:49)
	at com.empirix.tests.TC004_VerifyClientDetails.TestStep01_UserSubmitLoginDetails(TC004_VerifyClientDetails.java:23)
... Removed 25 stack frames</div></td></tr></table><p class="totop"><a href="#summary">back to summary</a></p><h3 id="m21">com.empirix.tests.TC004_VerifyClientDetails#TestStep02_VerifyUserSuccessfullyLogoutfromtheApplication</h3><table class="result"><tr><th>Exception</th></tr><tr><td><div class="stacktrace">java.lang.AssertionError: FAILED: Element &apos;btn_logout&apos; not found on the LoginPage !!!
	at com.empirix.getpageobjects.GetPage.element(GetPage.java:69)
	at com.empirix.getpageobjects.GetPage.element(GetPage.java:45)
	at com.empirix.actions.LoginPageActions.clickOnLogout(LoginPageActions.java:37)
	at com.empirix.tests.TC004_VerifyClientDetails.TestStep02_VerifyUserSuccessfullyLogoutfromtheApplication(TC004_VerifyClientDetails.java:36)
... Removed 25 stack frames</div></td></tr></table><p class="totop"><a href="#summary">back to summary</a></p><h3 id="m22">com.empirix.tests.TC004_VerifyClientDetails#afterMethod</h3><table class="result"></table><p class="totop"><a href="#summary">back to summary</a></p><h3 id="m23">com.empirix.tests.TC004_VerifyClientDetails#handleTestMethodName</h3><table class="result"></table><p class="totop"><a href="#summary">back to summary</a></p><h3 id="m24">com.empirix.tests.TC004_VerifyClientDetails#TestStep02_VerifyUserSuccessfullyPrintClientDetails</h3><table class="result"></table><p class="totop"><a href="#summary">back to summary</a></p></body></html>