<!DOCTYPE html>

<html>
  <head>
  <meta charset='utf-8'>
  <title>TestNG reports</title>

    <link type="text/css" href="testng-reports.css" rel="stylesheet" />  
    <script type="text/javascript" src="jquery-1.7.1.min.js"></script>
    <script type="text/javascript" src="testng-reports.js"></script>
    <script type="text/javascript" src="https://www.google.com/jsapi"></script>
    <script type='text/javascript'>
      google.load('visualization', '1', {packages:['table']});
      google.setOnLoadCallback(drawTable);
      var suiteTableInitFunctions = new Array();
      var suiteTableData = new Array();
    </script>
    <!--
      <script type="text/javascript" src="jquery-ui/js/jquery-ui-1.8.16.custom.min.js"></script>
     -->
  </head>

  <body>
    <div class="top-banner-root">
      <span class="top-banner-title-font">Test results</span>
      <br/>
      <span class="top-banner-font-1">1 suite, 6 failed tests</span>
    </div> <!-- top-banner-root -->
    <div class="navigator-root">
      <div class="navigator-suite-header">
        <span>All suites</span>
        <a href="#" class="collapse-all-link" title="Collapse/expand all the suites">
          <img class="collapse-all-icon" src="collapseall.gif">
          </img> <!-- collapse-all-icon -->
        </a> <!-- collapse-all-link -->
      </div> <!-- navigator-suite-header -->
      <div class="suite">
        <div class="rounded-window">
          <div class="suite-header light-rounded-window-top">
            <a href="#" class="navigator-link" panel-name="suite-Test_Set">
              <span class="suite-name border-failed">Test Set</span>
            </a> <!-- navigator-link -->
          </div> <!-- suite-header light-rounded-window-top -->
          <div class="navigator-suite-content">
            <div class="suite-section-title">
              <span>Info</span>
            </div> <!-- suite-section-title -->
            <div class="suite-section-content">
              <ul>
                <li>
                  <a href="#" class="navigator-link " panel-name="test-xml-Test_Set">
                    <span>C:\Users\NitishSajnani\Desktop\Emprix\Emprix\src\test\resources\testngxml\suite.xml</span>
                  </a> <!-- navigator-link  -->
                </li>
                <li>
                  <a href="#" class="navigator-link " panel-name="testlist-Test_Set">
                    <span class="test-stats">4 tests</span>
                  </a> <!-- navigator-link  -->
                </li>
                <li>
                  <a href="#" class="navigator-link " panel-name="group-Test_Set">
                    <span>0 groups</span>
                  </a> <!-- navigator-link  -->
                </li>
                <li>
                  <a href="#" class="navigator-link " panel-name="times-Test_Set">
                    <span>Times</span>
                  </a> <!-- navigator-link  -->
                </li>
                <li>
                  <a href="#" class="navigator-link " panel-name="reporter-Test_Set">
                    <span>Reporter output</span>
                  </a> <!-- navigator-link  -->
                </li>
                <li>
                  <a href="#" class="navigator-link " panel-name="ignored-methods-Test_Set">
                    <span>Ignored methods</span>
                  </a> <!-- navigator-link  -->
                </li>
                <li>
                  <a href="#" class="navigator-link " panel-name="chronological-Test_Set">
                    <span>Chronological view</span>
                  </a> <!-- navigator-link  -->
                </li>
              </ul>
            </div> <!-- suite-section-content -->
            <div class="result-section">
              <div class="suite-section-title">
                <span>Results</span>
              </div> <!-- suite-section-title -->
              <div class="suite-section-content">
                <ul>
                  <li>
                    <span class="method-stats">14 methods, 6 failed,  4 skipped,  4 passed</span>
                  </li>
                  <li>
                    <span class="method-list-title failed">Failed methods</span>
                    <span class="show-or-hide-methods failed">
                      <a href="#" panel-name="suite-Test_Set" class="hide-methods failed suite-Test_Set"> (hide)</a> <!-- hide-methods failed suite-Test_Set -->
                      <a href="#" panel-name="suite-Test_Set" class="show-methods failed suite-Test_Set"> (show)</a> <!-- show-methods failed suite-Test_Set -->
                    </span>
                    <div class="method-list-content failed suite-Test_Set">
                      <span>
                        <img width="3%" src="failed.png"/>
                        <a href="#" class="method navigator-link" panel-name="suite-Test_Set" title="com.empirix.tests.TC003_VerifyUserAbleToAccessAllTabsInEnglishAndJapanse" hash-for-method="TestStep01_UserSubmitLoginDetails">TestStep01_UserSubmitLoginDetails</a> <!-- method navigator-link -->
                      </span>
                      <br/>
                      <span>
                        <img width="3%" src="failed.png"/>
                        <a href="#" class="method navigator-link" panel-name="suite-Test_Set" title="com.empirix.tests.TC004_VerifyClientDetails" hash-for-method="TestStep01_UserSubmitLoginDetails">TestStep01_UserSubmitLoginDetails</a> <!-- method navigator-link -->
                      </span>
                      <br/>
                      <span>
                        <img width="3%" src="failed.png"/>
                        <a href="#" class="method navigator-link" panel-name="suite-Test_Set" title="com.empirix.tests.TC003_VerifyUserAbleToAccessAllTabsInEnglishAndJapanse" hash-for-method="TestStep02_VerifyUserNavigateToAllTabsEnglish">TestStep02_VerifyUserNavigateToAllTabsEnglish</a> <!-- method navigator-link -->
                      </span>
                      <br/>
                      <span>
                        <img width="3%" src="failed.png"/>
                        <a href="#" class="method navigator-link" panel-name="suite-Test_Set" title="com.empirix.tests.TC002_VerifyUserAbleToSwitchAppLanguage" hash-for-method="TestStep02_VerifyUserSuccessfullyChangeLanguageToJapanese">TestStep02_VerifyUserSuccessfullyChangeLanguageToJapanese</a> <!-- method navigator-link -->
                      </span>
                      <br/>
                      <span>
                        <img width="3%" src="failed.png"/>
                        <a href="#" class="method navigator-link" panel-name="suite-Test_Set" title="com.empirix.tests.TC003_VerifyUserAbleToAccessAllTabsInEnglishAndJapanse" hash-for-method="TestStep02_VerifyUserSuccessfullyLogoutfromtheApplication">TestStep02_VerifyUserSuccessfullyLogoutfromtheApplication</a> <!-- method navigator-link -->
                      </span>
                      <br/>
                      <span>
                        <img width="3%" src="failed.png"/>
                        <a href="#" class="method navigator-link" panel-name="suite-Test_Set" title="com.empirix.tests.TC004_VerifyClientDetails" hash-for-method="TestStep02_VerifyUserSuccessfullyLogoutfromtheApplication">TestStep02_VerifyUserSuccessfullyLogoutfromtheApplication</a> <!-- method navigator-link -->
                      </span>
                      <br/>
                    </div> <!-- method-list-content failed suite-Test_Set -->
                  </li>
                  <li>
                    <span class="method-list-title skipped">Skipped methods</span>
                    <span class="show-or-hide-methods skipped">
                      <a href="#" panel-name="suite-Test_Set" class="hide-methods skipped suite-Test_Set"> (hide)</a> <!-- hide-methods skipped suite-Test_Set -->
                      <a href="#" panel-name="suite-Test_Set" class="show-methods skipped suite-Test_Set"> (show)</a> <!-- show-methods skipped suite-Test_Set -->
                    </span>
                    <div class="method-list-content skipped suite-Test_Set">
                      <span>
                        <img width="3%" src="skipped.png"/>
                        <a href="#" class="method navigator-link" panel-name="suite-Test_Set" title="com.empirix.tests.TC002_VerifyUserAbleToSwitchAppLanguage" hash-for-method="TestStep02_VerifyUserSuccessfullyLogoutfromtheApplication">TestStep02_VerifyUserSuccessfullyLogoutfromtheApplication</a> <!-- method navigator-link -->
                      </span>
                      <br/>
                      <span>
                        <img width="3%" src="skipped.png"/>
                        <a href="#" class="method navigator-link" panel-name="suite-Test_Set" title="com.empirix.tests.TC004_VerifyClientDetails" hash-for-method="TestStep02_VerifyUserSuccessfullyPrintClientDetails">TestStep02_VerifyUserSuccessfullyPrintClientDetails</a> <!-- method navigator-link -->
                      </span>
                      <br/>
                      <span>
                        <img width="3%" src="skipped.png"/>
                        <a href="#" class="method navigator-link" panel-name="suite-Test_Set" title="com.empirix.tests.TC003_VerifyUserAbleToAccessAllTabsInEnglishAndJapanse" hash-for-method="TestStep03_VerifyUserNavigateToAllTabsJapanese">TestStep03_VerifyUserNavigateToAllTabsJapanese</a> <!-- method navigator-link -->
                      </span>
                      <br/>
                      <span>
                        <img width="3%" src="skipped.png"/>
                        <a href="#" class="method navigator-link" panel-name="suite-Test_Set" title="com.empirix.tests.TC002_VerifyUserAbleToSwitchAppLanguage" hash-for-method="TestStep03_VerifyUserSuccessfullyChangeLanguageToEnglish">TestStep03_VerifyUserSuccessfullyChangeLanguageToEnglish</a> <!-- method navigator-link -->
                      </span>
                      <br/>
                    </div> <!-- method-list-content skipped suite-Test_Set -->
                  </li>
                  <li>
                    <span class="method-list-title passed">Passed methods</span>
                    <span class="show-or-hide-methods passed">
                      <a href="#" panel-name="suite-Test_Set" class="hide-methods passed suite-Test_Set"> (hide)</a> <!-- hide-methods passed suite-Test_Set -->
                      <a href="#" panel-name="suite-Test_Set" class="show-methods passed suite-Test_Set"> (show)</a> <!-- show-methods passed suite-Test_Set -->
                    </span>
                    <div class="method-list-content passed suite-Test_Set">
                      <span>
                        <img width="3%" src="passed.png"/>
                        <a href="#" class="method navigator-link" panel-name="suite-Test_Set" title="com.empirix.tests.TC001_LoginIntoApplication" hash-for-method="TestStep01_UserSubmitLoginDetails">TestStep01_UserSubmitLoginDetails</a> <!-- method navigator-link -->
                      </span>
                      <br/>
                      <span>
                        <img width="3%" src="passed.png"/>
                        <a href="#" class="method navigator-link" panel-name="suite-Test_Set" title="com.empirix.tests.TC002_VerifyUserAbleToSwitchAppLanguage" hash-for-method="TestStep01_UserSubmitLoginDetails">TestStep01_UserSubmitLoginDetails</a> <!-- method navigator-link -->
                      </span>
                      <br/>
                      <span>
                        <img width="3%" src="passed.png"/>
                        <a href="#" class="method navigator-link" panel-name="suite-Test_Set" title="com.empirix.tests.TC001_LoginIntoApplication" hash-for-method="TestStep02_VerifyUserSuccessfullyLogin">TestStep02_VerifyUserSuccessfullyLogin</a> <!-- method navigator-link -->
                      </span>
                      <br/>
                      <span>
                        <img width="3%" src="passed.png"/>
                        <a href="#" class="method navigator-link" panel-name="suite-Test_Set" title="com.empirix.tests.TC001_LoginIntoApplication" hash-for-method="TestStep02_VerifyUserSuccessfullyLogoutfromtheApplication">TestStep02_VerifyUserSuccessfullyLogoutfromtheApplication</a> <!-- method navigator-link -->
                      </span>
                      <br/>
                    </div> <!-- method-list-content passed suite-Test_Set -->
                  </li>
                </ul>
              </div> <!-- suite-section-content -->
            </div> <!-- result-section -->
          </div> <!-- navigator-suite-content -->
        </div> <!-- rounded-window -->
      </div> <!-- suite -->
    </div> <!-- navigator-root -->
    <div class="wrapper">
      <div class="main-panel-root">
        <div panel-name="suite-Test_Set" class="panel Test_Set">
          <div class="suite-Test_Set-class-failed">
            <div class="main-panel-header rounded-window-top">
              <img src="failed.png"/>
              <span class="class-name">com.empirix.tests.TC004_VerifyClientDetails</span>
            </div> <!-- main-panel-header rounded-window-top -->
            <div class="main-panel-content rounded-window-bottom">
              <div class="method">
                <div class="method-content">
                  <a name="TestStep01_UserSubmitLoginDetails">
                  </a> <!-- TestStep01_UserSubmitLoginDetails -->
                  <span class="method-name">TestStep01_UserSubmitLoginDetails</span>
                  <div class="stack-trace">java.lang.AssertionError: FAILED: Element &apos;inp_username&apos; not found on the LoginPage !!!
	at com.empirix.getpageobjects.GetPage.element(GetPage.java:69)
	at com.empirix.getpageobjects.GetPage.element(GetPage.java:45)
	at com.empirix.actions.LoginPageActions.enterSignInDetails(LoginPageActions.java:49)
	at com.empirix.tests.TC004_VerifyClientDetails.TestStep01_UserSubmitLoginDetails(TC004_VerifyClientDetails.java:23)
... Removed 25 stack frames
</div> <!-- stack-trace -->
                </div> <!-- method-content -->
              </div> <!-- method -->
              <div class="method">
                <div class="method-content">
                  <a name="TestStep02_VerifyUserSuccessfullyLogoutfromtheApplication">
                  </a> <!-- TestStep02_VerifyUserSuccessfullyLogoutfromtheApplication -->
                  <span class="method-name">TestStep02_VerifyUserSuccessfullyLogoutfromtheApplication</span>
                  <div class="stack-trace">java.lang.AssertionError: FAILED: Element &apos;btn_logout&apos; not found on the LoginPage !!!
	at com.empirix.getpageobjects.GetPage.element(GetPage.java:69)
	at com.empirix.getpageobjects.GetPage.element(GetPage.java:45)
	at com.empirix.actions.LoginPageActions.clickOnLogout(LoginPageActions.java:37)
	at com.empirix.tests.TC004_VerifyClientDetails.TestStep02_VerifyUserSuccessfullyLogoutfromtheApplication(TC004_VerifyClientDetails.java:36)
... Removed 25 stack frames
</div> <!-- stack-trace -->
                </div> <!-- method-content -->
              </div> <!-- method -->
            </div> <!-- main-panel-content rounded-window-bottom -->
          </div> <!-- suite-Test_Set-class-failed -->
          <div class="suite-Test_Set-class-failed">
            <div class="main-panel-header rounded-window-top">
              <img src="failed.png"/>
              <span class="class-name">com.empirix.tests.TC002_VerifyUserAbleToSwitchAppLanguage</span>
            </div> <!-- main-panel-header rounded-window-top -->
            <div class="main-panel-content rounded-window-bottom">
              <div class="method">
                <div class="method-content">
                  <a name="TestStep02_VerifyUserSuccessfullyChangeLanguageToJapanese">
                  </a> <!-- TestStep02_VerifyUserSuccessfullyChangeLanguageToJapanese -->
                  <span class="method-name">TestStep02_VerifyUserSuccessfullyChangeLanguageToJapanese</span>
                  <div class="stack-trace">java.lang.NullPointerException
	at org.openqa.selenium.remote.RemoteWebElement.isDisplayed(RemoteWebElement.java:329)
	at org.openqa.selenium.support.ui.ExpectedConditions.elementIfVisible(ExpectedConditions.java:314)
	at org.openqa.selenium.support.ui.ExpectedConditions.access$000(ExpectedConditions.java:43)
	at org.openqa.selenium.support.ui.ExpectedConditions$10.apply(ExpectedConditions.java:300)
	at org.openqa.selenium.support.ui.ExpectedConditions$10.apply(ExpectedConditions.java:297)
	at org.openqa.selenium.support.ui.FluentWait.until(FluentWait.java:249)
	at com.empirix.utilities.SeleniumWait.waitForElementToBeVisible(SeleniumWait.java:59)
	at com.empirix.getpageobjects.GetPage.element(GetPage.java:67)
	at com.empirix.getpageobjects.GetPage.element(GetPage.java:45)
	at com.empirix.actions.LoginPageActions.verifyLanguageChangeToJapanese(LoginPageActions.java:91)
	at com.empirix.tests.TC002_VerifyUserAbleToSwitchAppLanguage.TestStep02_VerifyUserSuccessfullyChangeLanguageToJapanese(TC002_VerifyUserAbleToSwitchAppLanguage.java:30)
... Removed 24 stack frames
</div> <!-- stack-trace -->
                </div> <!-- method-content -->
              </div> <!-- method -->
            </div> <!-- main-panel-content rounded-window-bottom -->
          </div> <!-- suite-Test_Set-class-failed -->
          <div class="suite-Test_Set-class-failed">
            <div class="main-panel-header rounded-window-top">
              <img src="failed.png"/>
              <span class="class-name">com.empirix.tests.TC003_VerifyUserAbleToAccessAllTabsInEnglishAndJapanse</span>
            </div> <!-- main-panel-header rounded-window-top -->
            <div class="main-panel-content rounded-window-bottom">
              <div class="method">
                <div class="method-content">
                  <a name="TestStep01_UserSubmitLoginDetails">
                  </a> <!-- TestStep01_UserSubmitLoginDetails -->
                  <span class="method-name">TestStep01_UserSubmitLoginDetails</span>
                  <div class="stack-trace">java.lang.AssertionError: FAILED: Element &apos;inp_username&apos; not found on the LoginPage !!!
	at com.empirix.getpageobjects.GetPage.element(GetPage.java:69)
	at com.empirix.getpageobjects.GetPage.element(GetPage.java:45)
	at com.empirix.actions.LoginPageActions.enterSignInDetails(LoginPageActions.java:49)
	at com.empirix.tests.TC003_VerifyUserAbleToAccessAllTabsInEnglishAndJapanse.TestStep01_UserSubmitLoginDetails(TC003_VerifyUserAbleToAccessAllTabsInEnglishAndJapanse.java:23)
... Removed 25 stack frames
</div> <!-- stack-trace -->
                </div> <!-- method-content -->
              </div> <!-- method -->
              <div class="method">
                <div class="method-content">
                  <a name="TestStep02_VerifyUserNavigateToAllTabsEnglish">
                  </a> <!-- TestStep02_VerifyUserNavigateToAllTabsEnglish -->
                  <span class="method-name">TestStep02_VerifyUserNavigateToAllTabsEnglish</span>
                  <div class="stack-trace">java.lang.AssertionError: FAILED: Element &apos;tab_dashboard&apos; not found on the LoginPage !!!
	at com.empirix.getpageobjects.GetPage.element(GetPage.java:69)
	at com.empirix.getpageobjects.GetPage.element(GetPage.java:45)
	at com.empirix.actions.LoginPageActions.verifyTab(LoginPageActions.java:101)
	at com.empirix.tests.TC003_VerifyUserAbleToAccessAllTabsInEnglishAndJapanse.TestStep02_VerifyUserNavigateToAllTabsEnglish(TC003_VerifyUserAbleToAccessAllTabsInEnglishAndJapanse.java:28)
... Removed 25 stack frames
</div> <!-- stack-trace -->
                </div> <!-- method-content -->
              </div> <!-- method -->
              <div class="method">
                <div class="method-content">
                  <a name="TestStep02_VerifyUserSuccessfullyLogoutfromtheApplication">
                  </a> <!-- TestStep02_VerifyUserSuccessfullyLogoutfromtheApplication -->
                  <span class="method-name">TestStep02_VerifyUserSuccessfullyLogoutfromtheApplication</span>
                  <div class="stack-trace">java.lang.AssertionError: FAILED: Element &apos;btn_logout&apos; not found on the LoginPage !!!
	at com.empirix.getpageobjects.GetPage.element(GetPage.java:69)
	at com.empirix.getpageobjects.GetPage.element(GetPage.java:45)
	at com.empirix.actions.LoginPageActions.clickOnLogout(LoginPageActions.java:37)
	at com.empirix.tests.TC003_VerifyUserAbleToAccessAllTabsInEnglishAndJapanse.TestStep02_VerifyUserSuccessfullyLogoutfromtheApplication(TC003_VerifyUserAbleToAccessAllTabsInEnglishAndJapanse.java:50)
... Removed 25 stack frames
</div> <!-- stack-trace -->
                </div> <!-- method-content -->
              </div> <!-- method -->
            </div> <!-- main-panel-content rounded-window-bottom -->
          </div> <!-- suite-Test_Set-class-failed -->
          <div class="suite-Test_Set-class-skipped">
            <div class="main-panel-header rounded-window-top">
              <img src="skipped.png"/>
              <span class="class-name">com.empirix.tests.TC004_VerifyClientDetails</span>
            </div> <!-- main-panel-header rounded-window-top -->
            <div class="main-panel-content rounded-window-bottom">
              <div class="method">
                <div class="method-content">
                  <a name="TestStep02_VerifyUserSuccessfullyPrintClientDetails">
                  </a> <!-- TestStep02_VerifyUserSuccessfullyPrintClientDetails -->
                  <span class="method-name">TestStep02_VerifyUserSuccessfullyPrintClientDetails</span>
                </div> <!-- method-content -->
              </div> <!-- method -->
            </div> <!-- main-panel-content rounded-window-bottom -->
          </div> <!-- suite-Test_Set-class-skipped -->
          <div class="suite-Test_Set-class-skipped">
            <div class="main-panel-header rounded-window-top">
              <img src="skipped.png"/>
              <span class="class-name">com.empirix.tests.TC002_VerifyUserAbleToSwitchAppLanguage</span>
            </div> <!-- main-panel-header rounded-window-top -->
            <div class="main-panel-content rounded-window-bottom">
              <div class="method">
                <div class="method-content">
                  <a name="TestStep02_VerifyUserSuccessfullyLogoutfromtheApplication">
                  </a> <!-- TestStep02_VerifyUserSuccessfullyLogoutfromtheApplication -->
                  <span class="method-name">TestStep02_VerifyUserSuccessfullyLogoutfromtheApplication</span>
                </div> <!-- method-content -->
              </div> <!-- method -->
              <div class="method">
                <div class="method-content">
                  <a name="TestStep03_VerifyUserSuccessfullyChangeLanguageToEnglish">
                  </a> <!-- TestStep03_VerifyUserSuccessfullyChangeLanguageToEnglish -->
                  <span class="method-name">TestStep03_VerifyUserSuccessfullyChangeLanguageToEnglish</span>
                </div> <!-- method-content -->
              </div> <!-- method -->
            </div> <!-- main-panel-content rounded-window-bottom -->
          </div> <!-- suite-Test_Set-class-skipped -->
          <div class="suite-Test_Set-class-skipped">
            <div class="main-panel-header rounded-window-top">
              <img src="skipped.png"/>
              <span class="class-name">com.empirix.tests.TC003_VerifyUserAbleToAccessAllTabsInEnglishAndJapanse</span>
            </div> <!-- main-panel-header rounded-window-top -->
            <div class="main-panel-content rounded-window-bottom">
              <div class="method">
                <div class="method-content">
                  <a name="TestStep03_VerifyUserNavigateToAllTabsJapanese">
                  </a> <!-- TestStep03_VerifyUserNavigateToAllTabsJapanese -->
                  <span class="method-name">TestStep03_VerifyUserNavigateToAllTabsJapanese</span>
                </div> <!-- method-content -->
              </div> <!-- method -->
            </div> <!-- main-panel-content rounded-window-bottom -->
          </div> <!-- suite-Test_Set-class-skipped -->
          <div class="suite-Test_Set-class-passed">
            <div class="main-panel-header rounded-window-top">
              <img src="passed.png"/>
              <span class="class-name">com.empirix.tests.TC001_LoginIntoApplication</span>
            </div> <!-- main-panel-header rounded-window-top -->
            <div class="main-panel-content rounded-window-bottom">
              <div class="method">
                <div class="method-content">
                  <a name="TestStep01_UserSubmitLoginDetails">
                  </a> <!-- TestStep01_UserSubmitLoginDetails -->
                  <span class="method-name">TestStep01_UserSubmitLoginDetails</span>
                </div> <!-- method-content -->
              </div> <!-- method -->
              <div class="method">
                <div class="method-content">
                  <a name="TestStep02_VerifyUserSuccessfullyLogin">
                  </a> <!-- TestStep02_VerifyUserSuccessfullyLogin -->
                  <span class="method-name">TestStep02_VerifyUserSuccessfullyLogin</span>
                </div> <!-- method-content -->
              </div> <!-- method -->
              <div class="method">
                <div class="method-content">
                  <a name="TestStep02_VerifyUserSuccessfullyLogoutfromtheApplication">
                  </a> <!-- TestStep02_VerifyUserSuccessfullyLogoutfromtheApplication -->
                  <span class="method-name">TestStep02_VerifyUserSuccessfullyLogoutfromtheApplication</span>
                </div> <!-- method-content -->
              </div> <!-- method -->
            </div> <!-- main-panel-content rounded-window-bottom -->
          </div> <!-- suite-Test_Set-class-passed -->
          <div class="suite-Test_Set-class-passed">
            <div class="main-panel-header rounded-window-top">
              <img src="passed.png"/>
              <span class="class-name">com.empirix.tests.TC002_VerifyUserAbleToSwitchAppLanguage</span>
            </div> <!-- main-panel-header rounded-window-top -->
            <div class="main-panel-content rounded-window-bottom">
              <div class="method">
                <div class="method-content">
                  <a name="TestStep01_UserSubmitLoginDetails">
                  </a> <!-- TestStep01_UserSubmitLoginDetails -->
                  <span class="method-name">TestStep01_UserSubmitLoginDetails</span>
                </div> <!-- method-content -->
              </div> <!-- method -->
            </div> <!-- main-panel-content rounded-window-bottom -->
          </div> <!-- suite-Test_Set-class-passed -->
        </div> <!-- panel Test_Set -->
        <div panel-name="test-xml-Test_Set" class="panel">
          <div class="main-panel-header rounded-window-top">
            <span class="header-content">C:\Users\NitishSajnani\Desktop\Emprix\Emprix\src\test\resources\testngxml\suite.xml</span>
          </div> <!-- main-panel-header rounded-window-top -->
          <div class="main-panel-content rounded-window-bottom">
            <pre>
&lt;?xml version=&quot;1.0&quot; encoding=&quot;UTF-8&quot;?&gt;
&lt;!DOCTYPE suite SYSTEM &quot;http://testng.org/testng-1.0.dtd&quot;&gt;
&lt;suite name=&quot;Test Set&quot;&gt;
  &lt;test name=&quot;Login into application&quot;&gt;
    &lt;classes&gt;
      &lt;class name=&quot;com.empirix.tests.TC001_LoginIntoApplication&quot;/&gt;
    &lt;/classes&gt;
  &lt;/test&gt; &lt;!-- Login into application --&gt;
  &lt;test name=&quot;Able to switch language&quot;&gt;
    &lt;classes&gt;
      &lt;class name=&quot;com.empirix.tests.TC002_VerifyUserAbleToSwitchAppLanguage&quot;/&gt;
    &lt;/classes&gt;
  &lt;/test&gt; &lt;!-- Able to switch language --&gt;
  &lt;test name=&quot;Able to access all tabs&quot;&gt;
    &lt;classes&gt;
      &lt;class name=&quot;com.empirix.tests.TC003_VerifyUserAbleToAccessAllTabsInEnglishAndJapanse&quot;/&gt;
    &lt;/classes&gt;
  &lt;/test&gt; &lt;!-- Able to access all tabs --&gt;
  &lt;test name=&quot;Verify client details&quot;&gt;
    &lt;classes&gt;
      &lt;class name=&quot;com.empirix.tests.TC004_VerifyClientDetails&quot;/&gt;
    &lt;/classes&gt;
  &lt;/test&gt; &lt;!-- Verify client details --&gt;
&lt;/suite&gt; &lt;!-- Test Set --&gt;
            </pre>
          </div> <!-- main-panel-content rounded-window-bottom -->
        </div> <!-- panel -->
        <div panel-name="testlist-Test_Set" class="panel">
          <div class="main-panel-header rounded-window-top">
            <span class="header-content">Tests for Test Set</span>
          </div> <!-- main-panel-header rounded-window-top -->
          <div class="main-panel-content rounded-window-bottom">
            <ul>
              <li>
                <span class="test-name">Login into application (1 class)</span>
              </li>
              <li>
                <span class="test-name">Able to switch language (1 class)</span>
              </li>
              <li>
                <span class="test-name">Able to access all tabs (1 class)</span>
              </li>
              <li>
                <span class="test-name">Verify client details (1 class)</span>
              </li>
            </ul>
          </div> <!-- main-panel-content rounded-window-bottom -->
        </div> <!-- panel -->
        <div panel-name="group-Test_Set" class="panel">
          <div class="main-panel-header rounded-window-top">
            <span class="header-content">Groups for Test Set</span>
          </div> <!-- main-panel-header rounded-window-top -->
          <div class="main-panel-content rounded-window-bottom">
          </div> <!-- main-panel-content rounded-window-bottom -->
        </div> <!-- panel -->
        <div panel-name="times-Test_Set" class="panel">
          <div class="main-panel-header rounded-window-top">
            <span class="header-content">Times for Test Set</span>
          </div> <!-- main-panel-header rounded-window-top -->
          <div class="main-panel-content rounded-window-bottom">
            <div class="times-div">
              <script type="text/javascript">
suiteTableInitFunctions.push('tableData_Test_Set');
function tableData_Test_Set() {
var data = new google.visualization.DataTable();
data.addColumn('number', 'Number');
data.addColumn('string', 'Method');
data.addColumn('string', 'Class');
data.addColumn('number', 'Time (ms)');
data.addRows(14);
data.setCell(0, 0, 0)
data.setCell(0, 1, 'TestStep02_VerifyUserSuccessfullyChangeLanguageToJapanese')
data.setCell(0, 2, 'com.empirix.tests.TC002_VerifyUserAbleToSwitchAppLanguage')
data.setCell(0, 3, 362503);
data.setCell(1, 0, 1)
data.setCell(1, 1, 'TestStep01_UserSubmitLoginDetails')
data.setCell(1, 2, 'com.empirix.tests.TC003_VerifyUserAbleToAccessAllTabsInEnglishAndJapanse')
data.setCell(1, 3, 60072);
data.setCell(2, 0, 2)
data.setCell(2, 1, 'TestStep01_UserSubmitLoginDetails')
data.setCell(2, 2, 'com.empirix.tests.TC004_VerifyClientDetails')
data.setCell(2, 3, 60054);
data.setCell(3, 0, 3)
data.setCell(3, 1, 'TestStep02_VerifyUserNavigateToAllTabsEnglish')
data.setCell(3, 2, 'com.empirix.tests.TC003_VerifyUserAbleToAccessAllTabsInEnglishAndJapanse')
data.setCell(3, 3, 60023);
data.setCell(4, 0, 4)
data.setCell(4, 1, 'TestStep02_VerifyUserSuccessfullyLogoutfromtheApplication')
data.setCell(4, 2, 'com.empirix.tests.TC004_VerifyClientDetails')
data.setCell(4, 3, 56210);
data.setCell(5, 0, 5)
data.setCell(5, 1, 'TestStep02_VerifyUserSuccessfullyLogoutfromtheApplication')
data.setCell(5, 2, 'com.empirix.tests.TC003_VerifyUserAbleToAccessAllTabsInEnglishAndJapanse')
data.setCell(5, 3, 37806);
data.setCell(6, 0, 6)
data.setCell(6, 1, 'TestStep02_VerifyUserSuccessfullyLogin')
data.setCell(6, 2, 'com.empirix.tests.TC001_LoginIntoApplication')
data.setCell(6, 3, 33065);
data.setCell(7, 0, 7)
data.setCell(7, 1, 'TestStep01_UserSubmitLoginDetails')
data.setCell(7, 2, 'com.empirix.tests.TC002_VerifyUserAbleToSwitchAppLanguage')
data.setCell(7, 3, 13130);
data.setCell(8, 0, 8)
data.setCell(8, 1, 'TestStep01_UserSubmitLoginDetails')
data.setCell(8, 2, 'com.empirix.tests.TC001_LoginIntoApplication')
data.setCell(8, 3, 12791);
data.setCell(9, 0, 9)
data.setCell(9, 1, 'TestStep02_VerifyUserSuccessfullyLogoutfromtheApplication')
data.setCell(9, 2, 'com.empirix.tests.TC001_LoginIntoApplication')
data.setCell(9, 3, 73);
data.setCell(10, 0, 10)
data.setCell(10, 1, 'TestStep02_VerifyUserSuccessfullyLogoutfromtheApplication')
data.setCell(10, 2, 'com.empirix.tests.TC002_VerifyUserAbleToSwitchAppLanguage')
data.setCell(10, 3, 2);
data.setCell(11, 0, 11)
data.setCell(11, 1, 'TestStep03_VerifyUserSuccessfullyChangeLanguageToEnglish')
data.setCell(11, 2, 'com.empirix.tests.TC002_VerifyUserAbleToSwitchAppLanguage')
data.setCell(11, 3, 2);
data.setCell(12, 0, 12)
data.setCell(12, 1, 'TestStep03_VerifyUserNavigateToAllTabsJapanese')
data.setCell(12, 2, 'com.empirix.tests.TC003_VerifyUserAbleToAccessAllTabsInEnglishAndJapanse')
data.setCell(12, 3, 1);
data.setCell(13, 0, 13)
data.setCell(13, 1, 'TestStep02_VerifyUserSuccessfullyPrintClientDetails')
data.setCell(13, 2, 'com.empirix.tests.TC004_VerifyClientDetails')
data.setCell(13, 3, 1);
window.suiteTableData['Test_Set']= { tableData: data, tableDiv: 'times-div-Test_Set'}
return data;
}
              </script>
              <span class="suite-total-time">Total running time: 11 minutes</span>
              <div id="times-div-Test_Set">
              </div> <!-- times-div-Test_Set -->
            </div> <!-- times-div -->
          </div> <!-- main-panel-content rounded-window-bottom -->
        </div> <!-- panel -->
        <div panel-name="reporter-Test_Set" class="panel">
          <div class="main-panel-header rounded-window-top">
            <span class="header-content">Reporter output for Test Set</span>
          </div> <!-- main-panel-header rounded-window-top -->
          <div class="main-panel-content rounded-window-bottom">
            <div class="reporter-method-div">
              <span class="reporter-method-name">TestStep02_VerifyUserSuccessfullyLogoutfromtheApplication</span>
              <div class="reporter-method-output-div">
                <span class="reporter-method-output">User gets logout from the application</span>
                <span class="reporter-method-output">User is successfully logout from the application</span>
              </div> <!-- reporter-method-output-div -->
            </div> <!-- reporter-method-div -->
            <div class="reporter-method-div">
              <span class="reporter-method-name">TestStep02_VerifyUserSuccessfullyLogin</span>
              <div class="reporter-method-output-div">
                <span class="reporter-method-output">User clicks on Menu button</span>
                <span class="reporter-method-output">Element btn_logout is displayed.</span>
                <span class="reporter-method-output">Logout button is present for the user</span>
                <span class="reporter-method-output">User is successfully login into the application</span>
              </div> <!-- reporter-method-output-div -->
            </div> <!-- reporter-method-div -->
            <div class="reporter-method-div">
              <span class="reporter-method-name">TestStep01_UserSubmitLoginDetails</span>
              <div class="reporter-method-output-div">
                <span class="reporter-method-output">[Action]:User enters username QA_traininguser15</span>
                <span class="reporter-method-output">[Action]:User enters password Empirix!</span>
                <span class="reporter-method-output">Element btn_submit is displayed.</span>
                <span class="reporter-method-output">User clicks on submit button</span>
              </div> <!-- reporter-method-output-div -->
            </div> <!-- reporter-method-div -->
            <div class="reporter-method-div">
              <span class="reporter-method-name">TestStep01_UserSubmitLoginDetails</span>
              <div class="reporter-method-output-div">
                <span class="reporter-method-output">[Action]:User enters username QA_traininguser15</span>
                <span class="reporter-method-output">[Action]:User enters password Empirix!</span>
                <span class="reporter-method-output">Element btn_submit is displayed.</span>
                <span class="reporter-method-output">User clicks on submit button</span>
              </div> <!-- reporter-method-output-div -->
            </div> <!-- reporter-method-div -->
            <div class="reporter-method-div">
              <span class="reporter-method-name">TestStep02_VerifyUserSuccessfullyChangeLanguageToJapanese</span>
              <div class="reporter-method-output-div">
                <span class="reporter-method-output">User clicks on Menu button</span>
                <span class="reporter-method-output">[Action]:User selects the language japanese</span>
                <span class="reporter-method-output">Alert handled...</span>
              </div> <!-- reporter-method-output-div -->
            </div> <!-- reporter-method-div -->
          </div> <!-- main-panel-content rounded-window-bottom -->
        </div> <!-- panel -->
        <div panel-name="ignored-methods-Test_Set" class="panel">
          <div class="main-panel-header rounded-window-top">
            <span class="header-content">0 ignored methods</span>
          </div> <!-- main-panel-header rounded-window-top -->
          <div class="main-panel-content rounded-window-bottom">
          </div> <!-- main-panel-content rounded-window-bottom -->
        </div> <!-- panel -->
        <div panel-name="chronological-Test_Set" class="panel">
          <div class="main-panel-header rounded-window-top">
            <span class="header-content">Methods in chronological order</span>
          </div> <!-- main-panel-header rounded-window-top -->
          <div class="main-panel-content rounded-window-bottom">
            <div class="chronological-class">
              <div class="chronological-class-name">com.empirix.tests.TC001_LoginIntoApplication</div> <!-- chronological-class-name -->
              <div class="configuration-class before">
                <span class="method-name">beforeMethod</span>
                <span class="method-start">0 ms</span>
              </div> <!-- configuration-class before -->
              <div class="configuration-class before">
                <span class="method-name">init</span>
                <span class="method-start">26548 ms</span>
              </div> <!-- configuration-class before -->
              <div class="configuration-method before">
                <span class="method-name">handleTestMethodName(public void com.empirix.tests.TC001_LoginIntoApplication.TestStep01_UserSubmitLoginDetails())</span>
                <span class="method-start">26563 ms</span>
              </div> <!-- configuration-method before -->
              <div class="test-method">
                <span class="method-name">TestStep01_UserSubmitLoginDetails</span>
                <span class="method-start">26564 ms</span>
              </div> <!-- test-method -->
              <div class="configuration-method after">
                <span class="method-name">afterMethod([TestResult name=TestStep01_UserSubmitLoginDetails status=SUCCESS method=TC001_LoginIntoApplication....)</span>
                <span class="method-start">39358 ms</span>
              </div> <!-- configuration-method after -->
              <div class="configuration-method before">
                <span class="method-name">handleTestMethodName(public void com.empirix.tests.TC001_LoginIntoApplication.TestStep02_VerifyUserSuccessfullyLogin())</span>
                <span class="method-start">39360 ms</span>
              </div> <!-- configuration-method before -->
              <div class="test-method">
                <span class="method-name">TestStep02_VerifyUserSuccessfullyLogin</span>
                <span class="method-start">39361 ms</span>
              </div> <!-- test-method -->
              <div class="configuration-method after">
                <span class="method-name">afterMethod([TestResult name=TestStep02_VerifyUserSuccessfullyLogin status=SUCCESS method=TC001_LoginIntoApplica...)</span>
                <span class="method-start">72427 ms</span>
              </div> <!-- configuration-method after -->
              <div class="configuration-method before">
                <span class="method-name">handleTestMethodName(public void com.empirix.tests.TC001_LoginIntoApplication.TestStep02_VerifyUserSuccessfullyLogoutfrom...)</span>
                <span class="method-start">72429 ms</span>
              </div> <!-- configuration-method before -->
              <div class="test-method">
                <span class="method-name">TestStep02_VerifyUserSuccessfullyLogoutfromtheApplication</span>
                <span class="method-start">72429 ms</span>
              </div> <!-- test-method -->
              <div class="configuration-method after">
                <span class="method-name">afterMethod([TestResult name=TestStep02_VerifyUserSuccessfullyLogoutfromtheApplication status=SUCCESS method=TC0...)</span>
                <span class="method-start">72503 ms</span>
              </div> <!-- configuration-method after -->
              <div class="configuration-class after">
                <span class="method-name">close_Test_Session</span>
                <span class="method-start">72504 ms</span>
              </div> <!-- configuration-class after -->
            </div> <!-- chronological-class -->
            <div class="chronological-class">
              <div class="chronological-class-name">com.empirix.tests.TC002_VerifyUserAbleToSwitchAppLanguage</div> <!-- chronological-class-name -->
              <div class="configuration-class before">
                <span class="method-name">beforeMethod</span>
                <span class="method-start">72533 ms</span>
              </div> <!-- configuration-class before -->
              <div class="configuration-class before">
                <span class="method-name">init</span>
                <span class="method-start">98625 ms</span>
              </div> <!-- configuration-class before -->
              <div class="configuration-method before">
                <span class="method-name">handleTestMethodName(public void com.empirix.tests.TC002_VerifyUserAbleToSwitchAppLanguage.TestStep01_UserSubmitLoginDeta...)</span>
                <span class="method-start">98632 ms</span>
              </div> <!-- configuration-method before -->
              <div class="test-method">
                <span class="method-name">TestStep01_UserSubmitLoginDetails</span>
                <span class="method-start">98632 ms</span>
              </div> <!-- test-method -->
              <div class="configuration-method after">
                <span class="method-name">afterMethod([TestResult name=TestStep01_UserSubmitLoginDetails status=SUCCESS method=TC002_VerifyUserAbleToSwitc...)</span>
                <span class="method-start">111764 ms</span>
              </div> <!-- configuration-method after -->
              <div class="configuration-method before">
                <span class="method-name">handleTestMethodName(public void com.empirix.tests.TC002_VerifyUserAbleToSwitchAppLanguage.TestStep02_VerifyUserSuccessfu...)</span>
                <span class="method-start">111767 ms</span>
              </div> <!-- configuration-method before -->
              <div class="test-method">
                <img src="failed.png">
                </img>
                <span class="method-name">TestStep02_VerifyUserSuccessfullyChangeLanguageToJapanese</span>
                <span class="method-start">111768 ms</span>
              </div> <!-- test-method -->
              <div class="configuration-method after">
                <img src="failed.png">
                </img>
                <span class="method-name">afterMethod([TestResult name=TestStep02_VerifyUserSuccessfullyChangeLanguageToJapanese status=FAILURE method=TC0...)</span>
                <span class="method-start">474297 ms</span>
              </div> <!-- configuration-method after -->
              <div class="test-method">
                <span class="method-name">TestStep02_VerifyUserSuccessfullyLogoutfromtheApplication</span>
                <span class="method-start">480381 ms</span>
              </div> <!-- test-method -->
              <div class="test-method">
                <span class="method-name">TestStep03_VerifyUserSuccessfullyChangeLanguageToEnglish</span>
                <span class="method-start">480391 ms</span>
              </div> <!-- test-method -->
              <div class="configuration-class after">
                <span class="method-name">close_Test_Session</span>
                <span class="method-start">480399 ms</span>
              </div> <!-- configuration-class after -->
            </div> <!-- chronological-class -->
            <div class="chronological-class">
              <div class="chronological-class-name">com.empirix.tests.TC003_VerifyUserAbleToAccessAllTabsInEnglishAndJapanse</div> <!-- chronological-class-name -->
              <div class="configuration-class before">
                <span class="method-name">beforeMethod</span>
                <span class="method-start">480479 ms</span>
              </div> <!-- configuration-class before -->
              <div class="configuration-class before">
                <span class="method-name">init</span>
                <span class="method-start">491642 ms</span>
              </div> <!-- configuration-class before -->
              <div class="configuration-method before">
                <span class="method-name">handleTestMethodName(public void com.empirix.tests.TC003_VerifyUserAbleToAccessAllTabsInEnglishAndJapanse.TestStep01_User...)</span>
                <span class="method-start">491646 ms</span>
              </div> <!-- configuration-method before -->
              <div class="test-method">
                <img src="failed.png">
                </img>
                <span class="method-name">TestStep01_UserSubmitLoginDetails</span>
                <span class="method-start">491646 ms</span>
              </div> <!-- test-method -->
              <div class="configuration-method after">
                <span class="method-name">afterMethod([TestResult name=TestStep01_UserSubmitLoginDetails status=FAILURE method=TC003_VerifyUserAbleToAcces...)</span>
                <span class="method-start">551725 ms</span>
              </div> <!-- configuration-method after -->
              <div class="configuration-method before">
                <span class="method-name">handleTestMethodName(public void com.empirix.tests.TC003_VerifyUserAbleToAccessAllTabsInEnglishAndJapanse.TestStep02_Veri...)</span>
                <span class="method-start">553590 ms</span>
              </div> <!-- configuration-method before -->
              <div class="test-method">
                <img src="failed.png">
                </img>
                <span class="method-name">TestStep02_VerifyUserNavigateToAllTabsEnglish</span>
                <span class="method-start">553591 ms</span>
              </div> <!-- test-method -->
              <div class="configuration-method after">
                <span class="method-name">afterMethod([TestResult name=TestStep02_VerifyUserNavigateToAllTabsEnglish status=FAILURE method=TC003_VerifyUse...)</span>
                <span class="method-start">613617 ms</span>
              </div> <!-- configuration-method after -->
              <div class="configuration-method before">
                <span class="method-name">handleTestMethodName(public void com.empirix.tests.TC003_VerifyUserAbleToAccessAllTabsInEnglishAndJapanse.TestStep02_Veri...)</span>
                <span class="method-start">614903 ms</span>
              </div> <!-- configuration-method before -->
              <div class="test-method">
                <img src="failed.png">
                </img>
                <span class="method-name">TestStep02_VerifyUserSuccessfullyLogoutfromtheApplication</span>
                <span class="method-start">614903 ms</span>
              </div> <!-- test-method -->
              <div class="configuration-method after">
                <img src="failed.png">
                </img>
                <span class="method-name">afterMethod([TestResult name=TestStep02_VerifyUserSuccessfullyLogoutfromtheApplication status=FAILURE method=TC0...)</span>
                <span class="method-start">652712 ms</span>
              </div> <!-- configuration-method after -->
              <div class="test-method">
                <span class="method-name">TestStep03_VerifyUserNavigateToAllTabsJapanese</span>
                <span class="method-start">658738 ms</span>
              </div> <!-- test-method -->
              <div class="configuration-class after">
                <span class="method-name">close_Test_Session</span>
                <span class="method-start">658747 ms</span>
              </div> <!-- configuration-class after -->
            </div> <!-- chronological-class -->
            <div class="chronological-class">
              <div class="chronological-class-name">com.empirix.tests.TC004_VerifyClientDetails</div> <!-- chronological-class-name -->
              <div class="configuration-class before">
                <span class="method-name">beforeMethod</span>
                <span class="method-start">658788 ms</span>
              </div> <!-- configuration-class before -->
              <div class="configuration-class before">
                <span class="method-name">init</span>
                <span class="method-start">701945 ms</span>
              </div> <!-- configuration-class before -->
              <div class="configuration-method before">
                <span class="method-name">handleTestMethodName(public void com.empirix.tests.TC004_VerifyClientDetails.TestStep01_UserSubmitLoginDetails())</span>
                <span class="method-start">701953 ms</span>
              </div> <!-- configuration-method before -->
              <div class="test-method">
                <img src="failed.png">
                </img>
                <span class="method-name">TestStep01_UserSubmitLoginDetails</span>
                <span class="method-start">701953 ms</span>
              </div> <!-- test-method -->
              <div class="configuration-method after">
                <span class="method-name">afterMethod([TestResult name=TestStep01_UserSubmitLoginDetails status=FAILURE method=TC004_VerifyClientDetails.T...)</span>
                <span class="method-start">762011 ms</span>
              </div> <!-- configuration-method after -->
              <div class="configuration-method before">
                <span class="method-name">handleTestMethodName(public void com.empirix.tests.TC004_VerifyClientDetails.TestStep02_VerifyUserSuccessfullyLogoutfromt...)</span>
                <span class="method-start">763532 ms</span>
              </div> <!-- configuration-method before -->
              <div class="test-method">
                <img src="failed.png">
                </img>
                <span class="method-name">TestStep02_VerifyUserSuccessfullyLogoutfromtheApplication</span>
                <span class="method-start">763532 ms</span>
              </div> <!-- test-method -->
              <div class="configuration-method after">
                <img src="failed.png">
                </img>
                <span class="method-name">afterMethod([TestResult name=TestStep02_VerifyUserSuccessfullyLogoutfromtheApplication status=FAILURE method=TC0...)</span>
                <span class="method-start">819743 ms</span>
              </div> <!-- configuration-method after -->
              <div class="test-method">
                <span class="method-name">TestStep02_VerifyUserSuccessfullyPrintClientDetails</span>
                <span class="method-start">819755 ms</span>
              </div> <!-- test-method -->
              <div class="configuration-class after">
                <span class="method-name">close_Test_Session</span>
                <span class="method-start">819759 ms</span>
              </div> <!-- configuration-class after -->
          </div> <!-- main-panel-content rounded-window-bottom -->
        </div> <!-- panel -->
      </div> <!-- main-panel-root -->
    </div> <!-- wrapper -->
  </body>
</html>
